::1 - - [09/Jun/2021:08:15:52 +0000] "GET / HTTP/1.1" 200 5819 "http://localhost:8000/users/sign-in" "Mozilla/5.0 (Windows NT 10.0; Win64; x64) AppleWebKit/537.36 (KHTML, like Gecko) Chrome/91.0.4472.77 Safari/537.36"
::1 - - [09/Jun/2021:08:16:07 +0000] "GET /users/profile HTTP/1.1" 404 152 "http://localhost:8000/" "Mozilla/5.0 (Windows NT 10.0; Win64; x64) AppleWebKit/537.36 (KHTML, like Gecko) Chrome/91.0.4472.77 Safari/537.36"
::1 - - [09/Jun/2021:08:16:15 +0000] "GET /users/profile/60bff97280ff82516c36d9e3 HTTP/1.1" 200 2247 "http://localhost:8000/" "Mozilla/5.0 (Windows NT 10.0; Win64; x64) AppleWebKit/537.36 (KHTML, like Gecko) Chrome/91.0.4472.77 Safari/537.36"
::1 - - [09/Jun/2021:08:16:27 +0000] "GET /users/profile/60bff97280ff82516c36d9e3 HTTP/1.1" 304 - "http://localhost:8000/" "Mozilla/5.0 (Windows NT 10.0; Win64; x64) AppleWebKit/537.36 (KHTML, like Gecko) Chrome/91.0.4472.77 Safari/537.36"
::1 - - [11/Jun/2021:20:20:22 +0000] "GET / HTTP/1.1" 200 3759 "-" "Mozilla/5.0 (Windows NT 10.0; Win64; x64) AppleWebKit/537.36 (KHTML, like Gecko) Chrome/91.0.4472.101 Safari/537.36"
::1 - - [11/Jun/2021:20:20:22 +0000] "GET /css/layout.css HTTP/1.1" 404 153 "http://localhost:8000/" "Mozilla/5.0 (Windows NT 10.0; Win64; x64) AppleWebKit/537.36 (KHTML, like Gecko) Chrome/91.0.4472.101 Safari/537.36"
::1 - - [11/Jun/2021:20:20:22 +0000] "GET /css/header.css HTTP/1.1" 404 153 "http://localhost:8000/" "Mozilla/5.0 (Windows NT 10.0; Win64; x64) AppleWebKit/537.36 (KHTML, like Gecko) Chrome/91.0.4472.101 Safari/537.36"
::1 - - [11/Jun/2021:20:20:22 +0000] "GET /css/home.css HTTP/1.1" 404 151 "http://localhost:8000/" "Mozilla/5.0 (Windows NT 10.0; Win64; x64) AppleWebKit/537.36 (KHTML, like Gecko) Chrome/91.0.4472.101 Safari/537.36"
::1 - - [11/Jun/2021:20:20:22 +0000] "GET /css/footer.css HTTP/1.1" 404 153 "http://localhost:8000/" "Mozilla/5.0 (Windows NT 10.0; Win64; x64) AppleWebKit/537.36 (KHTML, like Gecko) Chrome/91.0.4472.101 Safari/537.36"
::1 - - [11/Jun/2021:20:20:22 +0000] "GET /js/home_comments.js HTTP/1.1" 404 158 "http://localhost:8000/" "Mozilla/5.0 (Windows NT 10.0; Win64; x64) AppleWebKit/537.36 (KHTML, like Gecko) Chrome/91.0.4472.101 Safari/537.36"
::1 - - [11/Jun/2021:20:20:22 +0000] "GET /css/chat_box.css HTTP/1.1" 404 155 "http://localhost:8000/" "Mozilla/5.0 (Windows NT 10.0; Win64; x64) AppleWebKit/537.36 (KHTML, like Gecko) Chrome/91.0.4472.101 Safari/537.36"
::1 - - [11/Jun/2021:20:20:22 +0000] "GET /js/home_posts.js HTTP/1.1" 404 155 "http://localhost:8000/" "Mozilla/5.0 (Windows NT 10.0; Win64; x64) AppleWebKit/537.36 (KHTML, like Gecko) Chrome/91.0.4472.101 Safari/537.36"
::1 - - [11/Jun/2021:20:20:22 +0000] "GET /js/toggle_likes.js HTTP/1.1" 404 157 "http://localhost:8000/" "Mozilla/5.0 (Windows NT 10.0; Win64; x64) AppleWebKit/537.36 (KHTML, like Gecko) Chrome/91.0.4472.101 Safari/537.36"
::1 - - [11/Jun/2021:20:20:22 +0000] "GET /js/chat_engine.js HTTP/1.1" 404 156 "http://localhost:8000/" "Mozilla/5.0 (Windows NT 10.0; Win64; x64) AppleWebKit/537.36 (KHTML, like Gecko) Chrome/91.0.4472.101 Safari/537.36"
::1 - - [11/Jun/2021:20:20:22 +0000] "GET /css/layout.css HTTP/1.1" 404 153 "http://localhost:8000/" "Mozilla/5.0 (Windows NT 10.0; Win64; x64) AppleWebKit/537.36 (KHTML, like Gecko) Chrome/91.0.4472.101 Safari/537.36"
::1 - - [11/Jun/2021:20:20:22 +0000] "GET /css/header.css HTTP/1.1" 404 153 "http://localhost:8000/" "Mozilla/5.0 (Windows NT 10.0; Win64; x64) AppleWebKit/537.36 (KHTML, like Gecko) Chrome/91.0.4472.101 Safari/537.36"
::1 - - [11/Jun/2021:20:20:22 +0000] "GET /css/footer.css HTTP/1.1" 404 153 "http://localhost:8000/" "Mozilla/5.0 (Windows NT 10.0; Win64; x64) AppleWebKit/537.36 (KHTML, like Gecko) Chrome/91.0.4472.101 Safari/537.36"
::1 - - [11/Jun/2021:20:20:22 +0000] "GET /css/home.css HTTP/1.1" 404 151 "http://localhost:8000/" "Mozilla/5.0 (Windows NT 10.0; Win64; x64) AppleWebKit/537.36 (KHTML, like Gecko) Chrome/91.0.4472.101 Safari/537.36"
::1 - - [11/Jun/2021:20:20:22 +0000] "GET /css/chat_box.css HTTP/1.1" 404 155 "http://localhost:8000/" "Mozilla/5.0 (Windows NT 10.0; Win64; x64) AppleWebKit/537.36 (KHTML, like Gecko) Chrome/91.0.4472.101 Safari/537.36"
::1 - - [11/Jun/2021:20:20:22 +0000] "GET /js/home_comments.js HTTP/1.1" 404 158 "http://localhost:8000/" "Mozilla/5.0 (Windows NT 10.0; Win64; x64) AppleWebKit/537.36 (KHTML, like Gecko) Chrome/91.0.4472.101 Safari/537.36"
::1 - - [11/Jun/2021:20:20:22 +0000] "GET /js/home_posts.js HTTP/1.1" 404 155 "http://localhost:8000/" "Mozilla/5.0 (Windows NT 10.0; Win64; x64) AppleWebKit/537.36 (KHTML, like Gecko) Chrome/91.0.4472.101 Safari/537.36"
::1 - - [11/Jun/2021:20:20:22 +0000] "GET /js/toggle_likes.js HTTP/1.1" 404 157 "http://localhost:8000/" "Mozilla/5.0 (Windows NT 10.0; Win64; x64) AppleWebKit/537.36 (KHTML, like Gecko) Chrome/91.0.4472.101 Safari/537.36"
::1 - - [11/Jun/2021:20:20:22 +0000] "GET /js/chat_engine.js HTTP/1.1" 404 156 "http://localhost:8000/" "Mozilla/5.0 (Windows NT 10.0; Win64; x64) AppleWebKit/537.36 (KHTML, like Gecko) Chrome/91.0.4472.101 Safari/537.36"
::1 - - [11/Jun/2021:20:20:22 +0000] "GET /css/chat_box.css HTTP/1.1" 404 155 "http://localhost:8000/" "Mozilla/5.0 (Windows NT 10.0; Win64; x64) AppleWebKit/537.36 (KHTML, like Gecko) Chrome/91.0.4472.101 Safari/537.36"
::1 - - [11/Jun/2021:20:20:22 +0000] "GET /css/layout.css HTTP/1.1" 404 153 "http://localhost:8000/" "Mozilla/5.0 (Windows NT 10.0; Win64; x64) AppleWebKit/537.36 (KHTML, like Gecko) Chrome/91.0.4472.101 Safari/537.36"
::1 - - [11/Jun/2021:20:20:22 +0000] "GET /js/home_comments.js HTTP/1.1" 404 158 "http://localhost:8000/" "Mozilla/5.0 (Windows NT 10.0; Win64; x64) AppleWebKit/537.36 (KHTML, like Gecko) Chrome/91.0.4472.101 Safari/537.36"
::1 - - [11/Jun/2021:20:20:22 +0000] "GET /css/header.css HTTP/1.1" 404 153 "http://localhost:8000/" "Mozilla/5.0 (Windows NT 10.0; Win64; x64) AppleWebKit/537.36 (KHTML, like Gecko) Chrome/91.0.4472.101 Safari/537.36"
::1 - - [11/Jun/2021:20:20:22 +0000] "GET /css/footer.css HTTP/1.1" 404 153 "http://localhost:8000/" "Mozilla/5.0 (Windows NT 10.0; Win64; x64) AppleWebKit/537.36 (KHTML, like Gecko) Chrome/91.0.4472.101 Safari/537.36"
::1 - - [11/Jun/2021:20:20:22 +0000] "GET /css/home.css HTTP/1.1" 404 151 "http://localhost:8000/" "Mozilla/5.0 (Windows NT 10.0; Win64; x64) AppleWebKit/537.36 (KHTML, like Gecko) Chrome/91.0.4472.101 Safari/537.36"
::1 - - [11/Jun/2021:20:20:22 +0000] "GET /js/home_posts.js HTTP/1.1" 404 155 "http://localhost:8000/" "Mozilla/5.0 (Windows NT 10.0; Win64; x64) AppleWebKit/537.36 (KHTML, like Gecko) Chrome/91.0.4472.101 Safari/537.36"
::1 - - [11/Jun/2021:20:20:22 +0000] "GET /js/toggle_likes.js HTTP/1.1" 404 157 "http://localhost:8000/" "Mozilla/5.0 (Windows NT 10.0; Win64; x64) AppleWebKit/537.36 (KHTML, like Gecko) Chrome/91.0.4472.101 Safari/537.36"
::1 - - [11/Jun/2021:20:20:22 +0000] "GET /js/chat_engine.js HTTP/1.1" 404 156 "http://localhost:8000/" "Mozilla/5.0 (Windows NT 10.0; Win64; x64) AppleWebKit/537.36 (KHTML, like Gecko) Chrome/91.0.4472.101 Safari/537.36"
::1 - - [11/Jun/2021:20:20:22 +0000] "GET /favicon.ico HTTP/1.1" 404 150 "http://localhost:8000/" "Mozilla/5.0 (Windows NT 10.0; Win64; x64) AppleWebKit/537.36 (KHTML, like Gecko) Chrome/91.0.4472.101 Safari/537.36"
::1 - - [11/Jun/2021:20:20:26 +0000] "GET / HTTP/1.1" 304 - "-" "Mozilla/5.0 (Windows NT 10.0; Win64; x64) AppleWebKit/537.36 (KHTML, like Gecko) Chrome/91.0.4472.101 Safari/537.36"
::1 - - [11/Jun/2021:20:20:26 +0000] "GET /css/layout.css HTTP/1.1" 404 153 "http://localhost:8000/" "Mozilla/5.0 (Windows NT 10.0; Win64; x64) AppleWebKit/537.36 (KHTML, like Gecko) Chrome/91.0.4472.101 Safari/537.36"
::1 - - [11/Jun/2021:20:20:26 +0000] "GET /css/header.css HTTP/1.1" 404 153 "http://localhost:8000/" "Mozilla/5.0 (Windows NT 10.0; Win64; x64) AppleWebKit/537.36 (KHTML, like Gecko) Chrome/91.0.4472.101 Safari/537.36"
::1 - - [11/Jun/2021:20:20:26 +0000] "GET /css/footer.css HTTP/1.1" 404 153 "http://localhost:8000/" "Mozilla/5.0 (Windows NT 10.0; Win64; x64) AppleWebKit/537.36 (KHTML, like Gecko) Chrome/91.0.4472.101 Safari/537.36"
::1 - - [11/Jun/2021:20:20:26 +0000] "GET /css/home.css HTTP/1.1" 404 151 "http://localhost:8000/" "Mozilla/5.0 (Windows NT 10.0; Win64; x64) AppleWebKit/537.36 (KHTML, like Gecko) Chrome/91.0.4472.101 Safari/537.36"
::1 - - [11/Jun/2021:20:20:26 +0000] "GET /css/chat_box.css HTTP/1.1" 404 155 "http://localhost:8000/" "Mozilla/5.0 (Windows NT 10.0; Win64; x64) AppleWebKit/537.36 (KHTML, like Gecko) Chrome/91.0.4472.101 Safari/537.36"
::1 - - [11/Jun/2021:20:20:26 +0000] "GET /js/home_comments.js HTTP/1.1" 404 158 "http://localhost:8000/" "Mozilla/5.0 (Windows NT 10.0; Win64; x64) AppleWebKit/537.36 (KHTML, like Gecko) Chrome/91.0.4472.101 Safari/537.36"
::1 - - [11/Jun/2021:20:20:26 +0000] "GET /js/home_posts.js HTTP/1.1" 404 155 "http://localhost:8000/" "Mozilla/5.0 (Windows NT 10.0; Win64; x64) AppleWebKit/537.36 (KHTML, like Gecko) Chrome/91.0.4472.101 Safari/537.36"
::1 - - [11/Jun/2021:20:20:26 +0000] "GET /js/chat_engine.js HTTP/1.1" 404 156 "http://localhost:8000/" "Mozilla/5.0 (Windows NT 10.0; Win64; x64) AppleWebKit/537.36 (KHTML, like Gecko) Chrome/91.0.4472.101 Safari/537.36"
::1 - - [11/Jun/2021:20:20:26 +0000] "GET /js/toggle_likes.js HTTP/1.1" 404 157 "http://localhost:8000/" "Mozilla/5.0 (Windows NT 10.0; Win64; x64) AppleWebKit/537.36 (KHTML, like Gecko) Chrome/91.0.4472.101 Safari/537.36"
::1 - - [11/Jun/2021:20:20:27 +0000] "GET / HTTP/1.1" 304 - "-" "Mozilla/5.0 (Windows NT 10.0; Win64; x64) AppleWebKit/537.36 (KHTML, like Gecko) Chrome/91.0.4472.101 Safari/537.36"
::1 - - [11/Jun/2021:20:20:27 +0000] "GET /css/layout.css HTTP/1.1" 404 153 "http://localhost:8000/" "Mozilla/5.0 (Windows NT 10.0; Win64; x64) AppleWebKit/537.36 (KHTML, like Gecko) Chrome/91.0.4472.101 Safari/537.36"
::1 - - [11/Jun/2021:20:20:27 +0000] "GET /css/header.css HTTP/1.1" 404 153 "http://localhost:8000/" "Mozilla/5.0 (Windows NT 10.0; Win64; x64) AppleWebKit/537.36 (KHTML, like Gecko) Chrome/91.0.4472.101 Safari/537.36"
::1 - - [11/Jun/2021:20:20:27 +0000] "GET /css/footer.css HTTP/1.1" 404 153 "http://localhost:8000/" "Mozilla/5.0 (Windows NT 10.0; Win64; x64) AppleWebKit/537.36 (KHTML, like Gecko) Chrome/91.0.4472.101 Safari/537.36"
::1 - - [11/Jun/2021:20:20:27 +0000] "GET /css/home.css HTTP/1.1" 404 151 "http://localhost:8000/" "Mozilla/5.0 (Windows NT 10.0; Win64; x64) AppleWebKit/537.36 (KHTML, like Gecko) Chrome/91.0.4472.101 Safari/537.36"
::1 - - [11/Jun/2021:20:20:27 +0000] "GET /css/chat_box.css HTTP/1.1" 404 155 "http://localhost:8000/" "Mozilla/5.0 (Windows NT 10.0; Win64; x64) AppleWebKit/537.36 (KHTML, like Gecko) Chrome/91.0.4472.101 Safari/537.36"
::1 - - [11/Jun/2021:20:20:27 +0000] "GET /js/home_comments.js HTTP/1.1" 404 158 "http://localhost:8000/" "Mozilla/5.0 (Windows NT 10.0; Win64; x64) AppleWebKit/537.36 (KHTML, like Gecko) Chrome/91.0.4472.101 Safari/537.36"
::1 - - [11/Jun/2021:20:20:27 +0000] "GET /js/home_posts.js HTTP/1.1" 404 155 "http://localhost:8000/" "Mozilla/5.0 (Windows NT 10.0; Win64; x64) AppleWebKit/537.36 (KHTML, like Gecko) Chrome/91.0.4472.101 Safari/537.36"
::1 - - [11/Jun/2021:20:20:27 +0000] "GET /js/toggle_likes.js HTTP/1.1" 404 157 "http://localhost:8000/" "Mozilla/5.0 (Windows NT 10.0; Win64; x64) AppleWebKit/537.36 (KHTML, like Gecko) Chrome/91.0.4472.101 Safari/537.36"
::1 - - [11/Jun/2021:20:20:27 +0000] "GET /js/chat_engine.js HTTP/1.1" 404 156 "http://localhost:8000/" "Mozilla/5.0 (Windows NT 10.0; Win64; x64) AppleWebKit/537.36 (KHTML, like Gecko) Chrome/91.0.4472.101 Safari/537.36"
::1 - - [11/Jun/2021:20:20:28 +0000] "GET / HTTP/1.1" 304 - "-" "Mozilla/5.0 (Windows NT 10.0; Win64; x64) AppleWebKit/537.36 (KHTML, like Gecko) Chrome/91.0.4472.101 Safari/537.36"
::1 - - [11/Jun/2021:20:20:28 +0000] "GET /css/header.css HTTP/1.1" 404 153 "http://localhost:8000/" "Mozilla/5.0 (Windows NT 10.0; Win64; x64) AppleWebKit/537.36 (KHTML, like Gecko) Chrome/91.0.4472.101 Safari/537.36"
::1 - - [11/Jun/2021:20:20:28 +0000] "GET /css/chat_box.css HTTP/1.1" 404 155 "http://localhost:8000/" "Mozilla/5.0 (Windows NT 10.0; Win64; x64) AppleWebKit/537.36 (KHTML, like Gecko) Chrome/91.0.4472.101 Safari/537.36"
::1 - - [11/Jun/2021:20:20:28 +0000] "GET /css/layout.css HTTP/1.1" 404 153 "http://localhost:8000/" "Mozilla/5.0 (Windows NT 10.0; Win64; x64) AppleWebKit/537.36 (KHTML, like Gecko) Chrome/91.0.4472.101 Safari/537.36"
::1 - - [11/Jun/2021:20:20:28 +0000] "GET /css/footer.css HTTP/1.1" 404 153 "http://localhost:8000/" "Mozilla/5.0 (Windows NT 10.0; Win64; x64) AppleWebKit/537.36 (KHTML, like Gecko) Chrome/91.0.4472.101 Safari/537.36"
::1 - - [11/Jun/2021:20:20:28 +0000] "GET /css/home.css HTTP/1.1" 404 151 "http://localhost:8000/" "Mozilla/5.0 (Windows NT 10.0; Win64; x64) AppleWebKit/537.36 (KHTML, like Gecko) Chrome/91.0.4472.101 Safari/537.36"
::1 - - [11/Jun/2021:20:20:28 +0000] "GET /js/home_comments.js HTTP/1.1" 404 158 "http://localhost:8000/" "Mozilla/5.0 (Windows NT 10.0; Win64; x64) AppleWebKit/537.36 (KHTML, like Gecko) Chrome/91.0.4472.101 Safari/537.36"
::1 - - [11/Jun/2021:20:20:28 +0000] "GET /js/home_posts.js HTTP/1.1" 404 155 "http://localhost:8000/" "Mozilla/5.0 (Windows NT 10.0; Win64; x64) AppleWebKit/537.36 (KHTML, like Gecko) Chrome/91.0.4472.101 Safari/537.36"
::1 - - [11/Jun/2021:20:20:28 +0000] "GET /js/toggle_likes.js HTTP/1.1" 404 157 "http://localhost:8000/" "Mozilla/5.0 (Windows NT 10.0; Win64; x64) AppleWebKit/537.36 (KHTML, like Gecko) Chrome/91.0.4472.101 Safari/537.36"
::1 - - [11/Jun/2021:20:20:28 +0000] "GET /js/chat_engine.js HTTP/1.1" 404 156 "http://localhost:8000/" "Mozilla/5.0 (Windows NT 10.0; Win64; x64) AppleWebKit/537.36 (KHTML, like Gecko) Chrome/91.0.4472.101 Safari/537.36"
::1 - - [11/Jun/2021:20:20:30 +0000] "GET / HTTP/1.1" 304 - "http://localhost:8000/" "Mozilla/5.0 (Windows NT 10.0; Win64; x64) AppleWebKit/537.36 (KHTML, like Gecko) Chrome/91.0.4472.101 Safari/537.36"
::1 - - [11/Jun/2021:20:20:30 +0000] "GET /css/layout.css HTTP/1.1" 404 153 "http://localhost:8000/" "Mozilla/5.0 (Windows NT 10.0; Win64; x64) AppleWebKit/537.36 (KHTML, like Gecko) Chrome/91.0.4472.101 Safari/537.36"
::1 - - [11/Jun/2021:20:20:30 +0000] "GET /css/header.css HTTP/1.1" 404 153 "http://localhost:8000/" "Mozilla/5.0 (Windows NT 10.0; Win64; x64) AppleWebKit/537.36 (KHTML, like Gecko) Chrome/91.0.4472.101 Safari/537.36"
::1 - - [11/Jun/2021:20:20:30 +0000] "GET /css/chat_box.css HTTP/1.1" 404 155 "http://localhost:8000/" "Mozilla/5.0 (Windows NT 10.0; Win64; x64) AppleWebKit/537.36 (KHTML, like Gecko) Chrome/91.0.4472.101 Safari/537.36"
::1 - - [11/Jun/2021:20:20:30 +0000] "GET /css/footer.css HTTP/1.1" 404 153 "http://localhost:8000/" "Mozilla/5.0 (Windows NT 10.0; Win64; x64) AppleWebKit/537.36 (KHTML, like Gecko) Chrome/91.0.4472.101 Safari/537.36"
::1 - - [11/Jun/2021:20:20:30 +0000] "GET /css/home.css HTTP/1.1" 404 151 "http://localhost:8000/" "Mozilla/5.0 (Windows NT 10.0; Win64; x64) AppleWebKit/537.36 (KHTML, like Gecko) Chrome/91.0.4472.101 Safari/537.36"
::1 - - [11/Jun/2021:20:20:30 +0000] "GET /js/home_comments.js HTTP/1.1" 404 158 "http://localhost:8000/" "Mozilla/5.0 (Windows NT 10.0; Win64; x64) AppleWebKit/537.36 (KHTML, like Gecko) Chrome/91.0.4472.101 Safari/537.36"
::1 - - [11/Jun/2021:20:20:30 +0000] "GET /js/home_posts.js HTTP/1.1" 404 155 "http://localhost:8000/" "Mozilla/5.0 (Windows NT 10.0; Win64; x64) AppleWebKit/537.36 (KHTML, like Gecko) Chrome/91.0.4472.101 Safari/537.36"
::1 - - [11/Jun/2021:20:20:30 +0000] "GET /js/toggle_likes.js HTTP/1.1" 404 157 "http://localhost:8000/" "Mozilla/5.0 (Windows NT 10.0; Win64; x64) AppleWebKit/537.36 (KHTML, like Gecko) Chrome/91.0.4472.101 Safari/537.36"
::1 - - [11/Jun/2021:20:20:30 +0000] "GET /js/chat_engine.js HTTP/1.1" 404 156 "http://localhost:8000/" "Mozilla/5.0 (Windows NT 10.0; Win64; x64) AppleWebKit/537.36 (KHTML, like Gecko) Chrome/91.0.4472.101 Safari/537.36"
::1 - - [11/Jun/2021:20:20:32 +0000] "GET / HTTP/1.1" 304 - "http://localhost:8000/" "Mozilla/5.0 (Windows NT 10.0; Win64; x64) AppleWebKit/537.36 (KHTML, like Gecko) Chrome/91.0.4472.101 Safari/537.36"
::1 - - [11/Jun/2021:20:20:32 +0000] "GET /css/layout.css HTTP/1.1" 404 153 "http://localhost:8000/" "Mozilla/5.0 (Windows NT 10.0; Win64; x64) AppleWebKit/537.36 (KHTML, like Gecko) Chrome/91.0.4472.101 Safari/537.36"
::1 - - [11/Jun/2021:20:20:32 +0000] "GET /css/header.css HTTP/1.1" 404 153 "http://localhost:8000/" "Mozilla/5.0 (Windows NT 10.0; Win64; x64) AppleWebKit/537.36 (KHTML, like Gecko) Chrome/91.0.4472.101 Safari/537.36"
::1 - - [11/Jun/2021:20:20:32 +0000] "GET /css/footer.css HTTP/1.1" 404 153 "http://localhost:8000/" "Mozilla/5.0 (Windows NT 10.0; Win64; x64) AppleWebKit/537.36 (KHTML, like Gecko) Chrome/91.0.4472.101 Safari/537.36"
::1 - - [11/Jun/2021:20:20:32 +0000] "GET /css/home.css HTTP/1.1" 404 151 "http://localhost:8000/" "Mozilla/5.0 (Windows NT 10.0; Win64; x64) AppleWebKit/537.36 (KHTML, like Gecko) Chrome/91.0.4472.101 Safari/537.36"
::1 - - [11/Jun/2021:20:20:32 +0000] "GET /css/chat_box.css HTTP/1.1" 404 155 "http://localhost:8000/" "Mozilla/5.0 (Windows NT 10.0; Win64; x64) AppleWebKit/537.36 (KHTML, like Gecko) Chrome/91.0.4472.101 Safari/537.36"
::1 - - [11/Jun/2021:20:20:32 +0000] "GET /js/home_comments.js HTTP/1.1" 404 158 "http://localhost:8000/" "Mozilla/5.0 (Windows NT 10.0; Win64; x64) AppleWebKit/537.36 (KHTML, like Gecko) Chrome/91.0.4472.101 Safari/537.36"
::1 - - [11/Jun/2021:20:20:32 +0000] "GET /js/home_posts.js HTTP/1.1" 404 155 "http://localhost:8000/" "Mozilla/5.0 (Windows NT 10.0; Win64; x64) AppleWebKit/537.36 (KHTML, like Gecko) Chrome/91.0.4472.101 Safari/537.36"
::1 - - [11/Jun/2021:20:20:32 +0000] "GET /js/toggle_likes.js HTTP/1.1" 404 157 "http://localhost:8000/" "Mozilla/5.0 (Windows NT 10.0; Win64; x64) AppleWebKit/537.36 (KHTML, like Gecko) Chrome/91.0.4472.101 Safari/537.36"
::1 - - [11/Jun/2021:20:20:32 +0000] "GET /js/chat_engine.js HTTP/1.1" 404 156 "http://localhost:8000/" "Mozilla/5.0 (Windows NT 10.0; Win64; x64) AppleWebKit/537.36 (KHTML, like Gecko) Chrome/91.0.4472.101 Safari/537.36"
::1 - - [11/Jun/2021:20:20:35 +0000] "GET / HTTP/1.1" 304 - "http://localhost:8000/" "Mozilla/5.0 (Windows NT 10.0; Win64; x64) AppleWebKit/537.36 (KHTML, like Gecko) Chrome/91.0.4472.101 Safari/537.36"
::1 - - [11/Jun/2021:20:20:35 +0000] "GET /css/layout.css HTTP/1.1" 404 153 "http://localhost:8000/" "Mozilla/5.0 (Windows NT 10.0; Win64; x64) AppleWebKit/537.36 (KHTML, like Gecko) Chrome/91.0.4472.101 Safari/537.36"
::1 - - [11/Jun/2021:20:20:35 +0000] "GET /css/home.css HTTP/1.1" 404 151 "http://localhost:8000/" "Mozilla/5.0 (Windows NT 10.0; Win64; x64) AppleWebKit/537.36 (KHTML, like Gecko) Chrome/91.0.4472.101 Safari/537.36"
::1 - - [11/Jun/2021:20:20:35 +0000] "GET /css/header.css HTTP/1.1" 404 153 "http://localhost:8000/" "Mozilla/5.0 (Windows NT 10.0; Win64; x64) AppleWebKit/537.36 (KHTML, like Gecko) Chrome/91.0.4472.101 Safari/537.36"
::1 - - [11/Jun/2021:20:20:35 +0000] "GET /css/footer.css HTTP/1.1" 404 153 "http://localhost:8000/" "Mozilla/5.0 (Windows NT 10.0; Win64; x64) AppleWebKit/537.36 (KHTML, like Gecko) Chrome/91.0.4472.101 Safari/537.36"
::1 - - [11/Jun/2021:20:20:35 +0000] "GET /js/home_comments.js HTTP/1.1" 404 158 "http://localhost:8000/" "Mozilla/5.0 (Windows NT 10.0; Win64; x64) AppleWebKit/537.36 (KHTML, like Gecko) Chrome/91.0.4472.101 Safari/537.36"
::1 - - [11/Jun/2021:20:20:35 +0000] "GET /css/chat_box.css HTTP/1.1" 404 155 "http://localhost:8000/" "Mozilla/5.0 (Windows NT 10.0; Win64; x64) AppleWebKit/537.36 (KHTML, like Gecko) Chrome/91.0.4472.101 Safari/537.36"
::1 - - [11/Jun/2021:20:20:35 +0000] "GET /js/home_posts.js HTTP/1.1" 404 155 "http://localhost:8000/" "Mozilla/5.0 (Windows NT 10.0; Win64; x64) AppleWebKit/537.36 (KHTML, like Gecko) Chrome/91.0.4472.101 Safari/537.36"
::1 - - [11/Jun/2021:20:20:35 +0000] "GET /js/toggle_likes.js HTTP/1.1" 404 157 "http://localhost:8000/" "Mozilla/5.0 (Windows NT 10.0; Win64; x64) AppleWebKit/537.36 (KHTML, like Gecko) Chrome/91.0.4472.101 Safari/537.36"
::1 - - [11/Jun/2021:20:20:35 +0000] "GET /js/chat_engine.js HTTP/1.1" 404 156 "http://localhost:8000/" "Mozilla/5.0 (Windows NT 10.0; Win64; x64) AppleWebKit/537.36 (KHTML, like Gecko) Chrome/91.0.4472.101 Safari/537.36"
::1 - - [11/Jun/2021:20:20:39 +0000] "GET /css/layout.css HTTP/1.1" 404 153 "http://localhost:8000/" "Mozilla/5.0 (Windows NT 10.0; Win64; x64) AppleWebKit/537.36 (KHTML, like Gecko) Chrome/91.0.4472.101 Safari/537.36"
::1 - - [11/Jun/2021:20:20:39 +0000] "GET /css/header.css HTTP/1.1" 404 153 "http://localhost:8000/" "Mozilla/5.0 (Windows NT 10.0; Win64; x64) AppleWebKit/537.36 (KHTML, like Gecko) Chrome/91.0.4472.101 Safari/537.36"
::1 - - [11/Jun/2021:20:20:39 +0000] "GET /css/footer.css HTTP/1.1" 404 153 "http://localhost:8000/" "Mozilla/5.0 (Windows NT 10.0; Win64; x64) AppleWebKit/537.36 (KHTML, like Gecko) Chrome/91.0.4472.101 Safari/537.36"
::1 - - [11/Jun/2021:20:20:39 +0000] "GET /css/home.css HTTP/1.1" 404 151 "http://localhost:8000/" "Mozilla/5.0 (Windows NT 10.0; Win64; x64) AppleWebKit/537.36 (KHTML, like Gecko) Chrome/91.0.4472.101 Safari/537.36"
::1 - - [11/Jun/2021:20:20:39 +0000] "GET /css/chat_box.css HTTP/1.1" 404 155 "http://localhost:8000/" "Mozilla/5.0 (Windows NT 10.0; Win64; x64) AppleWebKit/537.36 (KHTML, like Gecko) Chrome/91.0.4472.101 Safari/537.36"
::1 - - [11/Jun/2021:20:20:46 +0000] "GET / HTTP/1.1" 304 - "http://localhost:8000/" "Mozilla/5.0 (Windows NT 10.0; Win64; x64) AppleWebKit/537.36 (KHTML, like Gecko) Chrome/91.0.4472.101 Safari/537.36"
::1 - - [11/Jun/2021:20:20:46 +0000] "GET /css/layout.css HTTP/1.1" 404 153 "http://localhost:8000/" "Mozilla/5.0 (Windows NT 10.0; Win64; x64) AppleWebKit/537.36 (KHTML, like Gecko) Chrome/91.0.4472.101 Safari/537.36"
::1 - - [11/Jun/2021:20:20:46 +0000] "GET /css/header.css HTTP/1.1" 404 153 "http://localhost:8000/" "Mozilla/5.0 (Windows NT 10.0; Win64; x64) AppleWebKit/537.36 (KHTML, like Gecko) Chrome/91.0.4472.101 Safari/537.36"
::1 - - [11/Jun/2021:20:20:46 +0000] "GET /css/footer.css HTTP/1.1" 404 153 "http://localhost:8000/" "Mozilla/5.0 (Windows NT 10.0; Win64; x64) AppleWebKit/537.36 (KHTML, like Gecko) Chrome/91.0.4472.101 Safari/537.36"
::1 - - [11/Jun/2021:20:20:46 +0000] "GET /css/chat_box.css HTTP/1.1" 404 155 "http://localhost:8000/" "Mozilla/5.0 (Windows NT 10.0; Win64; x64) AppleWebKit/537.36 (KHTML, like Gecko) Chrome/91.0.4472.101 Safari/537.36"
::1 - - [11/Jun/2021:20:20:46 +0000] "GET /css/home.css HTTP/1.1" 404 151 "http://localhost:8000/" "Mozilla/5.0 (Windows NT 10.0; Win64; x64) AppleWebKit/537.36 (KHTML, like Gecko) Chrome/91.0.4472.101 Safari/537.36"
::1 - - [11/Jun/2021:20:20:46 +0000] "GET /js/home_comments.js HTTP/1.1" 404 158 "http://localhost:8000/" "Mozilla/5.0 (Windows NT 10.0; Win64; x64) AppleWebKit/537.36 (KHTML, like Gecko) Chrome/91.0.4472.101 Safari/537.36"
::1 - - [11/Jun/2021:20:20:46 +0000] "GET /js/home_posts.js HTTP/1.1" 404 155 "http://localhost:8000/" "Mozilla/5.0 (Windows NT 10.0; Win64; x64) AppleWebKit/537.36 (KHTML, like Gecko) Chrome/91.0.4472.101 Safari/537.36"
::1 - - [11/Jun/2021:20:20:46 +0000] "GET /js/toggle_likes.js HTTP/1.1" 404 157 "http://localhost:8000/" "Mozilla/5.0 (Windows NT 10.0; Win64; x64) AppleWebKit/537.36 (KHTML, like Gecko) Chrome/91.0.4472.101 Safari/537.36"
::1 - - [11/Jun/2021:20:20:46 +0000] "GET /js/chat_engine.js HTTP/1.1" 404 156 "http://localhost:8000/" "Mozilla/5.0 (Windows NT 10.0; Win64; x64) AppleWebKit/537.36 (KHTML, like Gecko) Chrome/91.0.4472.101 Safari/537.36"
::1 - - [12/Jun/2021:06:11:28 +0000] "GET / HTTP/1.1" 304 - "-" "Mozilla/5.0 (Windows NT 10.0; Win64; x64) AppleWebKit/537.36 (KHTML, like Gecko) Chrome/91.0.4472.101 Safari/537.36"
::1 - - [12/Jun/2021:06:11:28 +0000] "GET /css/header.css HTTP/1.1" 404 153 "http://localhost:8000/" "Mozilla/5.0 (Windows NT 10.0; Win64; x64) AppleWebKit/537.36 (KHTML, like Gecko) Chrome/91.0.4472.101 Safari/537.36"
::1 - - [12/Jun/2021:06:11:28 +0000] "GET /css/footer.css HTTP/1.1" 404 153 "http://localhost:8000/" "Mozilla/5.0 (Windows NT 10.0; Win64; x64) AppleWebKit/537.36 (KHTML, like Gecko) Chrome/91.0.4472.101 Safari/537.36"
::1 - - [12/Jun/2021:06:11:28 +0000] "GET /css/home.css HTTP/1.1" 404 151 "http://localhost:8000/" "Mozilla/5.0 (Windows NT 10.0; Win64; x64) AppleWebKit/537.36 (KHTML, like Gecko) Chrome/91.0.4472.101 Safari/537.36"
::1 - - [12/Jun/2021:06:11:28 +0000] "GET /css/layout.css HTTP/1.1" 404 153 "http://localhost:8000/" "Mozilla/5.0 (Windows NT 10.0; Win64; x64) AppleWebKit/537.36 (KHTML, like Gecko) Chrome/91.0.4472.101 Safari/537.36"
::1 - - [12/Jun/2021:06:11:28 +0000] "GET /css/chat_box.css HTTP/1.1" 404 155 "http://localhost:8000/" "Mozilla/5.0 (Windows NT 10.0; Win64; x64) AppleWebKit/537.36 (KHTML, like Gecko) Chrome/91.0.4472.101 Safari/537.36"
::1 - - [12/Jun/2021:06:11:28 +0000] "GET /js/toggle_likes.js HTTP/1.1" 404 157 "http://localhost:8000/" "Mozilla/5.0 (Windows NT 10.0; Win64; x64) AppleWebKit/537.36 (KHTML, like Gecko) Chrome/91.0.4472.101 Safari/537.36"
::1 - - [12/Jun/2021:06:11:28 +0000] "GET /js/home_comments.js HTTP/1.1" 404 158 "http://localhost:8000/" "Mozilla/5.0 (Windows NT 10.0; Win64; x64) AppleWebKit/537.36 (KHTML, like Gecko) Chrome/91.0.4472.101 Safari/537.36"
::1 - - [12/Jun/2021:06:11:28 +0000] "GET /js/home_posts.js HTTP/1.1" 404 155 "http://localhost:8000/" "Mozilla/5.0 (Windows NT 10.0; Win64; x64) AppleWebKit/537.36 (KHTML, like Gecko) Chrome/91.0.4472.101 Safari/537.36"
::1 - - [12/Jun/2021:06:11:28 +0000] "GET /js/chat_engine.js HTTP/1.1" 404 156 "http://localhost:8000/" "Mozilla/5.0 (Windows NT 10.0; Win64; x64) AppleWebKit/537.36 (KHTML, like Gecko) Chrome/91.0.4472.101 Safari/537.36"
::1 - - [12/Jun/2021:06:11:32 +0000] "GET /css/layout.css HTTP/1.1" 404 153 "http://localhost:8000/" "Mozilla/5.0 (Windows NT 10.0; Win64; x64) AppleWebKit/537.36 (KHTML, like Gecko) Chrome/91.0.4472.101 Safari/537.36"
::1 - - [12/Jun/2021:06:11:32 +0000] "GET /css/header.css HTTP/1.1" 404 153 "http://localhost:8000/" "Mozilla/5.0 (Windows NT 10.0; Win64; x64) AppleWebKit/537.36 (KHTML, like Gecko) Chrome/91.0.4472.101 Safari/537.36"
::1 - - [12/Jun/2021:06:11:32 +0000] "GET /css/footer.css HTTP/1.1" 404 153 "http://localhost:8000/" "Mozilla/5.0 (Windows NT 10.0; Win64; x64) AppleWebKit/537.36 (KHTML, like Gecko) Chrome/91.0.4472.101 Safari/537.36"
::1 - - [12/Jun/2021:06:11:32 +0000] "GET /css/home.css HTTP/1.1" 404 151 "http://localhost:8000/" "Mozilla/5.0 (Windows NT 10.0; Win64; x64) AppleWebKit/537.36 (KHTML, like Gecko) Chrome/91.0.4472.101 Safari/537.36"
::1 - - [12/Jun/2021:06:11:32 +0000] "GET /js/home_comments.js HTTP/1.1" 404 158 "http://localhost:8000/" "Mozilla/5.0 (Windows NT 10.0; Win64; x64) AppleWebKit/537.36 (KHTML, like Gecko) Chrome/91.0.4472.101 Safari/537.36"
::1 - - [12/Jun/2021:06:11:32 +0000] "GET /css/chat_box.css HTTP/1.1" 404 155 "http://localhost:8000/" "Mozilla/5.0 (Windows NT 10.0; Win64; x64) AppleWebKit/537.36 (KHTML, like Gecko) Chrome/91.0.4472.101 Safari/537.36"
::1 - - [12/Jun/2021:06:11:32 +0000] "GET /js/home_posts.js HTTP/1.1" 404 155 "http://localhost:8000/" "Mozilla/5.0 (Windows NT 10.0; Win64; x64) AppleWebKit/537.36 (KHTML, like Gecko) Chrome/91.0.4472.101 Safari/537.36"
::1 - - [12/Jun/2021:06:11:32 +0000] "GET /js/toggle_likes.js HTTP/1.1" 404 157 "http://localhost:8000/" "Mozilla/5.0 (Windows NT 10.0; Win64; x64) AppleWebKit/537.36 (KHTML, like Gecko) Chrome/91.0.4472.101 Safari/537.36"
::1 - - [12/Jun/2021:06:11:32 +0000] "GET /css/layout.css HTTP/1.1" 404 153 "http://localhost:8000/" "Mozilla/5.0 (Windows NT 10.0; Win64; x64) AppleWebKit/537.36 (KHTML, like Gecko) Chrome/91.0.4472.101 Safari/537.36"
::1 - - [12/Jun/2021:06:11:32 +0000] "GET /css/header.css HTTP/1.1" 404 153 "http://localhost:8000/" "Mozilla/5.0 (Windows NT 10.0; Win64; x64) AppleWebKit/537.36 (KHTML, like Gecko) Chrome/91.0.4472.101 Safari/537.36"
::1 - - [12/Jun/2021:06:11:32 +0000] "GET /css/footer.css HTTP/1.1" 404 153 "http://localhost:8000/" "Mozilla/5.0 (Windows NT 10.0; Win64; x64) AppleWebKit/537.36 (KHTML, like Gecko) Chrome/91.0.4472.101 Safari/537.36"
::1 - - [12/Jun/2021:06:11:32 +0000] "GET /css/home.css HTTP/1.1" 404 151 "http://localhost:8000/" "Mozilla/5.0 (Windows NT 10.0; Win64; x64) AppleWebKit/537.36 (KHTML, like Gecko) Chrome/91.0.4472.101 Safari/537.36"
::1 - - [12/Jun/2021:06:11:32 +0000] "GET /css/chat_box.css HTTP/1.1" 404 155 "http://localhost:8000/" "Mozilla/5.0 (Windows NT 10.0; Win64; x64) AppleWebKit/537.36 (KHTML, like Gecko) Chrome/91.0.4472.101 Safari/537.36"
::1 - - [12/Jun/2021:06:11:32 +0000] "GET /js/home_comments.js HTTP/1.1" 404 158 "http://localhost:8000/" "Mozilla/5.0 (Windows NT 10.0; Win64; x64) AppleWebKit/537.36 (KHTML, like Gecko) Chrome/91.0.4472.101 Safari/537.36"
::1 - - [12/Jun/2021:06:11:32 +0000] "GET /js/home_posts.js HTTP/1.1" 404 155 "http://localhost:8000/" "Mozilla/5.0 (Windows NT 10.0; Win64; x64) AppleWebKit/537.36 (KHTML, like Gecko) Chrome/91.0.4472.101 Safari/537.36"
::1 - - [12/Jun/2021:06:11:32 +0000] "GET /js/toggle_likes.js HTTP/1.1" 404 157 "http://localhost:8000/" "Mozilla/5.0 (Windows NT 10.0; Win64; x64) AppleWebKit/537.36 (KHTML, like Gecko) Chrome/91.0.4472.101 Safari/537.36"
::1 - - [12/Jun/2021:06:11:32 +0000] "GET /js/chat_engine.js HTTP/1.1" 404 156 "http://localhost:8000/" "Mozilla/5.0 (Windows NT 10.0; Win64; x64) AppleWebKit/537.36 (KHTML, like Gecko) Chrome/91.0.4472.101 Safari/537.36"
::1 - - [12/Jun/2021:06:15:00 +0000] "GET / HTTP/1.1" 304 - "-" "Mozilla/5.0 (Windows NT 10.0; Win64; x64) AppleWebKit/537.36 (KHTML, like Gecko) Chrome/91.0.4472.101 Safari/537.36"
::1 - - [12/Jun/2021:06:15:00 +0000] "GET /css/layout.css HTTP/1.1" 404 153 "http://localhost:8000/" "Mozilla/5.0 (Windows NT 10.0; Win64; x64) AppleWebKit/537.36 (KHTML, like Gecko) Chrome/91.0.4472.101 Safari/537.36"
::1 - - [12/Jun/2021:06:15:00 +0000] "GET /css/home.css HTTP/1.1" 404 151 "http://localhost:8000/" "Mozilla/5.0 (Windows NT 10.0; Win64; x64) AppleWebKit/537.36 (KHTML, like Gecko) Chrome/91.0.4472.101 Safari/537.36"
::1 - - [12/Jun/2021:06:15:00 +0000] "GET /css/chat_box.css HTTP/1.1" 404 155 "http://localhost:8000/" "Mozilla/5.0 (Windows NT 10.0; Win64; x64) AppleWebKit/537.36 (KHTML, like Gecko) Chrome/91.0.4472.101 Safari/537.36"
::1 - - [12/Jun/2021:06:15:00 +0000] "GET /css/header.css HTTP/1.1" 404 153 "http://localhost:8000/" "Mozilla/5.0 (Windows NT 10.0; Win64; x64) AppleWebKit/537.36 (KHTML, like Gecko) Chrome/91.0.4472.101 Safari/537.36"
::1 - - [12/Jun/2021:06:15:00 +0000] "GET /css/footer.css HTTP/1.1" 404 153 "http://localhost:8000/" "Mozilla/5.0 (Windows NT 10.0; Win64; x64) AppleWebKit/537.36 (KHTML, like Gecko) Chrome/91.0.4472.101 Safari/537.36"
::1 - - [12/Jun/2021:06:15:00 +0000] "GET /js/home_comments.js HTTP/1.1" 404 158 "http://localhost:8000/" "Mozilla/5.0 (Windows NT 10.0; Win64; x64) AppleWebKit/537.36 (KHTML, like Gecko) Chrome/91.0.4472.101 Safari/537.36"
::1 - - [12/Jun/2021:06:15:00 +0000] "GET /js/home_posts.js HTTP/1.1" 404 155 "http://localhost:8000/" "Mozilla/5.0 (Windows NT 10.0; Win64; x64) AppleWebKit/537.36 (KHTML, like Gecko) Chrome/91.0.4472.101 Safari/537.36"
::1 - - [12/Jun/2021:06:15:00 +0000] "GET /js/toggle_likes.js HTTP/1.1" 404 157 "http://localhost:8000/" "Mozilla/5.0 (Windows NT 10.0; Win64; x64) AppleWebKit/537.36 (KHTML, like Gecko) Chrome/91.0.4472.101 Safari/537.36"
::1 - - [12/Jun/2021:06:15:00 +0000] "GET /js/chat_engine.js HTTP/1.1" 404 156 "http://localhost:8000/" "Mozilla/5.0 (Windows NT 10.0; Win64; x64) AppleWebKit/537.36 (KHTML, like Gecko) Chrome/91.0.4472.101 Safari/537.36"
::1 - - [12/Jun/2021:06:15:00 +0000] "GET /css/layout.css HTTP/1.1" 404 153 "http://localhost:8000/" "Mozilla/5.0 (Windows NT 10.0; Win64; x64) AppleWebKit/537.36 (KHTML, like Gecko) Chrome/91.0.4472.101 Safari/537.36"
::1 - - [12/Jun/2021:06:15:00 +0000] "GET /css/header.css HTTP/1.1" 404 153 "http://localhost:8000/" "Mozilla/5.0 (Windows NT 10.0; Win64; x64) AppleWebKit/537.36 (KHTML, like Gecko) Chrome/91.0.4472.101 Safari/537.36"
::1 - - [12/Jun/2021:06:15:00 +0000] "GET /css/footer.css HTTP/1.1" 404 153 "http://localhost:8000/" "Mozilla/5.0 (Windows NT 10.0; Win64; x64) AppleWebKit/537.36 (KHTML, like Gecko) Chrome/91.0.4472.101 Safari/537.36"
::1 - - [12/Jun/2021:06:15:00 +0000] "GET /css/home.css HTTP/1.1" 404 151 "http://localhost:8000/" "Mozilla/5.0 (Windows NT 10.0; Win64; x64) AppleWebKit/537.36 (KHTML, like Gecko) Chrome/91.0.4472.101 Safari/537.36"
::1 - - [12/Jun/2021:06:15:00 +0000] "GET /css/chat_box.css HTTP/1.1" 404 155 "http://localhost:8000/" "Mozilla/5.0 (Windows NT 10.0; Win64; x64) AppleWebKit/537.36 (KHTML, like Gecko) Chrome/91.0.4472.101 Safari/537.36"
::1 - - [12/Jun/2021:06:15:00 +0000] "GET /js/home_comments.js HTTP/1.1" 404 158 "http://localhost:8000/" "Mozilla/5.0 (Windows NT 10.0; Win64; x64) AppleWebKit/537.36 (KHTML, like Gecko) Chrome/91.0.4472.101 Safari/537.36"
::1 - - [12/Jun/2021:06:15:00 +0000] "GET /js/home_posts.js HTTP/1.1" 404 155 "http://localhost:8000/" "Mozilla/5.0 (Windows NT 10.0; Win64; x64) AppleWebKit/537.36 (KHTML, like Gecko) Chrome/91.0.4472.101 Safari/537.36"
::1 - - [12/Jun/2021:06:15:00 +0000] "GET /js/toggle_likes.js HTTP/1.1" 404 157 "http://localhost:8000/" "Mozilla/5.0 (Windows NT 10.0; Win64; x64) AppleWebKit/537.36 (KHTML, like Gecko) Chrome/91.0.4472.101 Safari/537.36"
::1 - - [12/Jun/2021:06:15:00 +0000] "GET /js/chat_engine.js HTTP/1.1" 404 156 "http://localhost:8000/" "Mozilla/5.0 (Windows NT 10.0; Win64; x64) AppleWebKit/537.36 (KHTML, like Gecko) Chrome/91.0.4472.101 Safari/537.36"
::1 - - [12/Jun/2021:06:15:01 +0000] "GET / HTTP/1.1" 304 - "-" "Mozilla/5.0 (Windows NT 10.0; Win64; x64) AppleWebKit/537.36 (KHTML, like Gecko) Chrome/91.0.4472.101 Safari/537.36"
::1 - - [12/Jun/2021:06:15:01 +0000] "GET /css/layout.css HTTP/1.1" 404 153 "http://localhost:8000/" "Mozilla/5.0 (Windows NT 10.0; Win64; x64) AppleWebKit/537.36 (KHTML, like Gecko) Chrome/91.0.4472.101 Safari/537.36"
::1 - - [12/Jun/2021:06:15:01 +0000] "GET /css/header.css HTTP/1.1" 404 153 "http://localhost:8000/" "Mozilla/5.0 (Windows NT 10.0; Win64; x64) AppleWebKit/537.36 (KHTML, like Gecko) Chrome/91.0.4472.101 Safari/537.36"
::1 - - [12/Jun/2021:06:15:01 +0000] "GET /css/footer.css HTTP/1.1" 404 153 "http://localhost:8000/" "Mozilla/5.0 (Windows NT 10.0; Win64; x64) AppleWebKit/537.36 (KHTML, like Gecko) Chrome/91.0.4472.101 Safari/537.36"
::1 - - [12/Jun/2021:06:15:01 +0000] "GET /css/home.css HTTP/1.1" 404 151 "http://localhost:8000/" "Mozilla/5.0 (Windows NT 10.0; Win64; x64) AppleWebKit/537.36 (KHTML, like Gecko) Chrome/91.0.4472.101 Safari/537.36"
::1 - - [12/Jun/2021:06:15:01 +0000] "GET /css/chat_box.css HTTP/1.1" 404 155 "http://localhost:8000/" "Mozilla/5.0 (Windows NT 10.0; Win64; x64) AppleWebKit/537.36 (KHTML, like Gecko) Chrome/91.0.4472.101 Safari/537.36"
::1 - - [12/Jun/2021:06:15:01 +0000] "GET /js/home_comments.js HTTP/1.1" 404 158 "http://localhost:8000/" "Mozilla/5.0 (Windows NT 10.0; Win64; x64) AppleWebKit/537.36 (KHTML, like Gecko) Chrome/91.0.4472.101 Safari/537.36"
::1 - - [12/Jun/2021:06:15:01 +0000] "GET /js/home_posts.js HTTP/1.1" 404 155 "http://localhost:8000/" "Mozilla/5.0 (Windows NT 10.0; Win64; x64) AppleWebKit/537.36 (KHTML, like Gecko) Chrome/91.0.4472.101 Safari/537.36"
::1 - - [12/Jun/2021:06:15:01 +0000] "GET /js/toggle_likes.js HTTP/1.1" 404 157 "http://localhost:8000/" "Mozilla/5.0 (Windows NT 10.0; Win64; x64) AppleWebKit/537.36 (KHTML, like Gecko) Chrome/91.0.4472.101 Safari/537.36"
::1 - - [12/Jun/2021:06:15:01 +0000] "GET /js/chat_engine.js HTTP/1.1" 404 156 "http://localhost:8000/" "Mozilla/5.0 (Windows NT 10.0; Win64; x64) AppleWebKit/537.36 (KHTML, like Gecko) Chrome/91.0.4472.101 Safari/537.36"
::1 - - [12/Jun/2021:06:15:15 +0000] "GET / HTTP/1.1" 200 3771 "-" "Mozilla/5.0 (Windows NT 10.0; Win64; x64) AppleWebKit/537.36 (KHTML, like Gecko) Chrome/91.0.4472.101 Safari/537.36"
::1 - - [12/Jun/2021:06:15:15 +0000] "GET /assetPath('css/layout.css') HTTP/1.1" 404 174 "http://localhost:8000/" "Mozilla/5.0 (Windows NT 10.0; Win64; x64) AppleWebKit/537.36 (KHTML, like Gecko) Chrome/91.0.4472.101 Safari/537.36"
::1 - - [12/Jun/2021:06:15:15 +0000] "GET /css/footer.css HTTP/1.1" 404 153 "http://localhost:8000/" "Mozilla/5.0 (Windows NT 10.0; Win64; x64) AppleWebKit/537.36 (KHTML, like Gecko) Chrome/91.0.4472.101 Safari/537.36"
::1 - - [12/Jun/2021:06:15:15 +0000] "GET /css/header.css HTTP/1.1" 404 153 "http://localhost:8000/" "Mozilla/5.0 (Windows NT 10.0; Win64; x64) AppleWebKit/537.36 (KHTML, like Gecko) Chrome/91.0.4472.101 Safari/537.36"
::1 - - [12/Jun/2021:06:15:15 +0000] "GET /css/home.css HTTP/1.1" 404 151 "http://localhost:8000/" "Mozilla/5.0 (Windows NT 10.0; Win64; x64) AppleWebKit/537.36 (KHTML, like Gecko) Chrome/91.0.4472.101 Safari/537.36"
::1 - - [12/Jun/2021:06:15:15 +0000] "GET /css/chat_box.css HTTP/1.1" 404 155 "http://localhost:8000/" "Mozilla/5.0 (Windows NT 10.0; Win64; x64) AppleWebKit/537.36 (KHTML, like Gecko) Chrome/91.0.4472.101 Safari/537.36"
::1 - - [12/Jun/2021:06:15:15 +0000] "GET /js/home_comments.js HTTP/1.1" 404 158 "http://localhost:8000/" "Mozilla/5.0 (Windows NT 10.0; Win64; x64) AppleWebKit/537.36 (KHTML, like Gecko) Chrome/91.0.4472.101 Safari/537.36"
::1 - - [12/Jun/2021:06:15:15 +0000] "GET /js/home_posts.js HTTP/1.1" 404 155 "http://localhost:8000/" "Mozilla/5.0 (Windows NT 10.0; Win64; x64) AppleWebKit/537.36 (KHTML, like Gecko) Chrome/91.0.4472.101 Safari/537.36"
::1 - - [12/Jun/2021:06:15:15 +0000] "GET /js/chat_engine.js HTTP/1.1" 404 156 "http://localhost:8000/" "Mozilla/5.0 (Windows NT 10.0; Win64; x64) AppleWebKit/537.36 (KHTML, like Gecko) Chrome/91.0.4472.101 Safari/537.36"
::1 - - [12/Jun/2021:06:15:15 +0000] "GET /js/toggle_likes.js HTTP/1.1" 404 157 "http://localhost:8000/" "Mozilla/5.0 (Windows NT 10.0; Win64; x64) AppleWebKit/537.36 (KHTML, like Gecko) Chrome/91.0.4472.101 Safari/537.36"
::1 - - [12/Jun/2021:06:15:19 +0000] "GET /assetPath('css/layout.css') HTTP/1.1" 404 174 "http://localhost:8000/" "Mozilla/5.0 (Windows NT 10.0; Win64; x64) AppleWebKit/537.36 (KHTML, like Gecko) Chrome/91.0.4472.101 Safari/537.36"
::1 - - [12/Jun/2021:06:15:19 +0000] "GET /css/header.css HTTP/1.1" 404 153 "http://localhost:8000/" "Mozilla/5.0 (Windows NT 10.0; Win64; x64) AppleWebKit/537.36 (KHTML, like Gecko) Chrome/91.0.4472.101 Safari/537.36"
::1 - - [12/Jun/2021:06:15:19 +0000] "GET /css/footer.css HTTP/1.1" 404 153 "http://localhost:8000/" "Mozilla/5.0 (Windows NT 10.0; Win64; x64) AppleWebKit/537.36 (KHTML, like Gecko) Chrome/91.0.4472.101 Safari/537.36"
::1 - - [12/Jun/2021:06:15:19 +0000] "GET /css/home.css HTTP/1.1" 404 151 "http://localhost:8000/" "Mozilla/5.0 (Windows NT 10.0; Win64; x64) AppleWebKit/537.36 (KHTML, like Gecko) Chrome/91.0.4472.101 Safari/537.36"
::1 - - [12/Jun/2021:06:15:19 +0000] "GET /css/chat_box.css HTTP/1.1" 404 155 "http://localhost:8000/" "Mozilla/5.0 (Windows NT 10.0; Win64; x64) AppleWebKit/537.36 (KHTML, like Gecko) Chrome/91.0.4472.101 Safari/537.36"
::1 - - [12/Jun/2021:06:15:38 +0000] "GET / HTTP/1.1" 304 - "-" "Mozilla/5.0 (Windows NT 10.0; Win64; x64) AppleWebKit/537.36 (KHTML, like Gecko) Chrome/91.0.4472.101 Safari/537.36"
::1 - - [12/Jun/2021:06:15:38 +0000] "GET /assetPath('css/layout.css') HTTP/1.1" 404 174 "http://localhost:8000/" "Mozilla/5.0 (Windows NT 10.0; Win64; x64) AppleWebKit/537.36 (KHTML, like Gecko) Chrome/91.0.4472.101 Safari/537.36"
::1 - - [12/Jun/2021:06:15:38 +0000] "GET /css/header.css HTTP/1.1" 404 153 "http://localhost:8000/" "Mozilla/5.0 (Windows NT 10.0; Win64; x64) AppleWebKit/537.36 (KHTML, like Gecko) Chrome/91.0.4472.101 Safari/537.36"
::1 - - [12/Jun/2021:06:15:38 +0000] "GET /css/footer.css HTTP/1.1" 404 153 "http://localhost:8000/" "Mozilla/5.0 (Windows NT 10.0; Win64; x64) AppleWebKit/537.36 (KHTML, like Gecko) Chrome/91.0.4472.101 Safari/537.36"
::1 - - [12/Jun/2021:06:15:38 +0000] "GET /css/home.css HTTP/1.1" 404 151 "http://localhost:8000/" "Mozilla/5.0 (Windows NT 10.0; Win64; x64) AppleWebKit/537.36 (KHTML, like Gecko) Chrome/91.0.4472.101 Safari/537.36"
::1 - - [12/Jun/2021:06:15:38 +0000] "GET /css/chat_box.css HTTP/1.1" 404 155 "http://localhost:8000/" "Mozilla/5.0 (Windows NT 10.0; Win64; x64) AppleWebKit/537.36 (KHTML, like Gecko) Chrome/91.0.4472.101 Safari/537.36"
::1 - - [12/Jun/2021:06:15:38 +0000] "GET /js/home_comments.js HTTP/1.1" 404 158 "http://localhost:8000/" "Mozilla/5.0 (Windows NT 10.0; Win64; x64) AppleWebKit/537.36 (KHTML, like Gecko) Chrome/91.0.4472.101 Safari/537.36"
::1 - - [12/Jun/2021:06:15:38 +0000] "GET /js/home_posts.js HTTP/1.1" 404 155 "http://localhost:8000/" "Mozilla/5.0 (Windows NT 10.0; Win64; x64) AppleWebKit/537.36 (KHTML, like Gecko) Chrome/91.0.4472.101 Safari/537.36"
::1 - - [12/Jun/2021:06:15:38 +0000] "GET /js/toggle_likes.js HTTP/1.1" 404 157 "http://localhost:8000/" "Mozilla/5.0 (Windows NT 10.0; Win64; x64) AppleWebKit/537.36 (KHTML, like Gecko) Chrome/91.0.4472.101 Safari/537.36"
::1 - - [12/Jun/2021:06:15:38 +0000] "GET /js/chat_engine.js HTTP/1.1" 404 156 "http://localhost:8000/" "Mozilla/5.0 (Windows NT 10.0; Win64; x64) AppleWebKit/537.36 (KHTML, like Gecko) Chrome/91.0.4472.101 Safari/537.36"
::1 - - [12/Jun/2021:06:22:49 +0000] "GET / HTTP/1.1" 304 - "-" "Mozilla/5.0 (Windows NT 10.0; Win64; x64) AppleWebKit/537.36 (KHTML, like Gecko) Chrome/91.0.4472.101 Safari/537.36"
::1 - - [12/Jun/2021:06:22:49 +0000] "GET /assetPath('css/layout.css') HTTP/1.1" 404 174 "http://localhost:8000/" "Mozilla/5.0 (Windows NT 10.0; Win64; x64) AppleWebKit/537.36 (KHTML, like Gecko) Chrome/91.0.4472.101 Safari/537.36"
::1 - - [12/Jun/2021:06:22:49 +0000] "GET /css/header.css HTTP/1.1" 404 153 "http://localhost:8000/" "Mozilla/5.0 (Windows NT 10.0; Win64; x64) AppleWebKit/537.36 (KHTML, like Gecko) Chrome/91.0.4472.101 Safari/537.36"
::1 - - [12/Jun/2021:06:22:49 +0000] "GET /css/home.css HTTP/1.1" 404 151 "http://localhost:8000/" "Mozilla/5.0 (Windows NT 10.0; Win64; x64) AppleWebKit/537.36 (KHTML, like Gecko) Chrome/91.0.4472.101 Safari/537.36"
::1 - - [12/Jun/2021:06:22:49 +0000] "GET /css/footer.css HTTP/1.1" 404 153 "http://localhost:8000/" "Mozilla/5.0 (Windows NT 10.0; Win64; x64) AppleWebKit/537.36 (KHTML, like Gecko) Chrome/91.0.4472.101 Safari/537.36"
::1 - - [12/Jun/2021:06:22:49 +0000] "GET /css/chat_box.css HTTP/1.1" 404 155 "http://localhost:8000/" "Mozilla/5.0 (Windows NT 10.0; Win64; x64) AppleWebKit/537.36 (KHTML, like Gecko) Chrome/91.0.4472.101 Safari/537.36"
::1 - - [12/Jun/2021:06:22:49 +0000] "GET /js/home_comments.js HTTP/1.1" 404 158 "http://localhost:8000/" "Mozilla/5.0 (Windows NT 10.0; Win64; x64) AppleWebKit/537.36 (KHTML, like Gecko) Chrome/91.0.4472.101 Safari/537.36"
::1 - - [12/Jun/2021:06:22:49 +0000] "GET /js/toggle_likes.js HTTP/1.1" 404 157 "http://localhost:8000/" "Mozilla/5.0 (Windows NT 10.0; Win64; x64) AppleWebKit/537.36 (KHTML, like Gecko) Chrome/91.0.4472.101 Safari/537.36"
::1 - - [12/Jun/2021:06:22:49 +0000] "GET /js/home_posts.js HTTP/1.1" 404 155 "http://localhost:8000/" "Mozilla/5.0 (Windows NT 10.0; Win64; x64) AppleWebKit/537.36 (KHTML, like Gecko) Chrome/91.0.4472.101 Safari/537.36"
::1 - - [12/Jun/2021:06:22:49 +0000] "GET /js/chat_engine.js HTTP/1.1" 404 156 "http://localhost:8000/" "Mozilla/5.0 (Windows NT 10.0; Win64; x64) AppleWebKit/537.36 (KHTML, like Gecko) Chrome/91.0.4472.101 Safari/537.36"
::1 - - [12/Jun/2021:06:23:11 +0000] "GET / HTTP/1.1" 304 - "-" "Mozilla/5.0 (Windows NT 10.0; Win64; x64) AppleWebKit/537.36 (KHTML, like Gecko) Chrome/91.0.4472.101 Safari/537.36"
::1 - - [12/Jun/2021:06:23:11 +0000] "GET /assetPath('css/layout.css') HTTP/1.1" 404 174 "http://localhost:8000/" "Mozilla/5.0 (Windows NT 10.0; Win64; x64) AppleWebKit/537.36 (KHTML, like Gecko) Chrome/91.0.4472.101 Safari/537.36"
::1 - - [12/Jun/2021:06:23:11 +0000] "GET /css/header.css HTTP/1.1" 404 153 "http://localhost:8000/" "Mozilla/5.0 (Windows NT 10.0; Win64; x64) AppleWebKit/537.36 (KHTML, like Gecko) Chrome/91.0.4472.101 Safari/537.36"
::1 - - [12/Jun/2021:06:23:12 +0000] "GET /css/footer.css HTTP/1.1" 404 153 "http://localhost:8000/" "Mozilla/5.0 (Windows NT 10.0; Win64; x64) AppleWebKit/537.36 (KHTML, like Gecko) Chrome/91.0.4472.101 Safari/537.36"
::1 - - [12/Jun/2021:06:23:12 +0000] "GET /css/home.css HTTP/1.1" 404 151 "http://localhost:8000/" "Mozilla/5.0 (Windows NT 10.0; Win64; x64) AppleWebKit/537.36 (KHTML, like Gecko) Chrome/91.0.4472.101 Safari/537.36"
::1 - - [12/Jun/2021:06:23:12 +0000] "GET /css/chat_box.css HTTP/1.1" 404 155 "http://localhost:8000/" "Mozilla/5.0 (Windows NT 10.0; Win64; x64) AppleWebKit/537.36 (KHTML, like Gecko) Chrome/91.0.4472.101 Safari/537.36"
::1 - - [12/Jun/2021:06:23:12 +0000] "GET /js/home_comments.js HTTP/1.1" 404 158 "http://localhost:8000/" "Mozilla/5.0 (Windows NT 10.0; Win64; x64) AppleWebKit/537.36 (KHTML, like Gecko) Chrome/91.0.4472.101 Safari/537.36"
::1 - - [12/Jun/2021:06:23:12 +0000] "GET /js/home_posts.js HTTP/1.1" 404 155 "http://localhost:8000/" "Mozilla/5.0 (Windows NT 10.0; Win64; x64) AppleWebKit/537.36 (KHTML, like Gecko) Chrome/91.0.4472.101 Safari/537.36"
::1 - - [12/Jun/2021:06:23:12 +0000] "GET /js/toggle_likes.js HTTP/1.1" 404 157 "http://localhost:8000/" "Mozilla/5.0 (Windows NT 10.0; Win64; x64) AppleWebKit/537.36 (KHTML, like Gecko) Chrome/91.0.4472.101 Safari/537.36"
::1 - - [12/Jun/2021:06:23:12 +0000] "GET /js/chat_engine.js HTTP/1.1" 404 156 "http://localhost:8000/" "Mozilla/5.0 (Windows NT 10.0; Win64; x64) AppleWebKit/537.36 (KHTML, like Gecko) Chrome/91.0.4472.101 Safari/537.36"
::1 - - [12/Jun/2021:06:23:12 +0000] "GET /assetPath('css/layout.css') HTTP/1.1" 404 174 "http://localhost:8000/" "Mozilla/5.0 (Windows NT 10.0; Win64; x64) AppleWebKit/537.36 (KHTML, like Gecko) Chrome/91.0.4472.101 Safari/537.36"
::1 - - [12/Jun/2021:06:23:12 +0000] "GET /css/header.css HTTP/1.1" 404 153 "http://localhost:8000/" "Mozilla/5.0 (Windows NT 10.0; Win64; x64) AppleWebKit/537.36 (KHTML, like Gecko) Chrome/91.0.4472.101 Safari/537.36"
::1 - - [12/Jun/2021:06:23:12 +0000] "GET /css/footer.css HTTP/1.1" 404 153 "http://localhost:8000/" "Mozilla/5.0 (Windows NT 10.0; Win64; x64) AppleWebKit/537.36 (KHTML, like Gecko) Chrome/91.0.4472.101 Safari/537.36"
::1 - - [12/Jun/2021:06:23:12 +0000] "GET /css/home.css HTTP/1.1" 404 151 "http://localhost:8000/" "Mozilla/5.0 (Windows NT 10.0; Win64; x64) AppleWebKit/537.36 (KHTML, like Gecko) Chrome/91.0.4472.101 Safari/537.36"
::1 - - [12/Jun/2021:06:23:12 +0000] "GET /css/chat_box.css HTTP/1.1" 404 155 "http://localhost:8000/" "Mozilla/5.0 (Windows NT 10.0; Win64; x64) AppleWebKit/537.36 (KHTML, like Gecko) Chrome/91.0.4472.101 Safari/537.36"
::1 - - [12/Jun/2021:06:23:12 +0000] "GET /js/home_comments.js HTTP/1.1" 404 158 "http://localhost:8000/" "Mozilla/5.0 (Windows NT 10.0; Win64; x64) AppleWebKit/537.36 (KHTML, like Gecko) Chrome/91.0.4472.101 Safari/537.36"
::1 - - [12/Jun/2021:06:23:12 +0000] "GET /js/home_posts.js HTTP/1.1" 404 155 "http://localhost:8000/" "Mozilla/5.0 (Windows NT 10.0; Win64; x64) AppleWebKit/537.36 (KHTML, like Gecko) Chrome/91.0.4472.101 Safari/537.36"
::1 - - [12/Jun/2021:06:23:12 +0000] "GET /js/toggle_likes.js HTTP/1.1" 404 157 "http://localhost:8000/" "Mozilla/5.0 (Windows NT 10.0; Win64; x64) AppleWebKit/537.36 (KHTML, like Gecko) Chrome/91.0.4472.101 Safari/537.36"
::1 - - [12/Jun/2021:06:23:12 +0000] "GET /js/chat_engine.js HTTP/1.1" 404 156 "http://localhost:8000/" "Mozilla/5.0 (Windows NT 10.0; Win64; x64) AppleWebKit/537.36 (KHTML, like Gecko) Chrome/91.0.4472.101 Safari/537.36"
::1 - - [12/Jun/2021:06:24:17 +0000] "GET / HTTP/1.1" 304 - "-" "Mozilla/5.0 (Windows NT 10.0; Win64; x64) AppleWebKit/537.36 (KHTML, like Gecko) Chrome/91.0.4472.101 Safari/537.36"
::1 - - [12/Jun/2021:06:24:17 +0000] "GET /assetPath('css/layout.css') HTTP/1.1" 404 174 "http://localhost:8000/" "Mozilla/5.0 (Windows NT 10.0; Win64; x64) AppleWebKit/537.36 (KHTML, like Gecko) Chrome/91.0.4472.101 Safari/537.36"
::1 - - [12/Jun/2021:06:24:17 +0000] "GET /css/header.css HTTP/1.1" 404 153 "http://localhost:8000/" "Mozilla/5.0 (Windows NT 10.0; Win64; x64) AppleWebKit/537.36 (KHTML, like Gecko) Chrome/91.0.4472.101 Safari/537.36"
::1 - - [12/Jun/2021:06:24:17 +0000] "GET /css/chat_box.css HTTP/1.1" 404 155 "http://localhost:8000/" "Mozilla/5.0 (Windows NT 10.0; Win64; x64) AppleWebKit/537.36 (KHTML, like Gecko) Chrome/91.0.4472.101 Safari/537.36"
::1 - - [12/Jun/2021:06:24:17 +0000] "GET /css/footer.css HTTP/1.1" 404 153 "http://localhost:8000/" "Mozilla/5.0 (Windows NT 10.0; Win64; x64) AppleWebKit/537.36 (KHTML, like Gecko) Chrome/91.0.4472.101 Safari/537.36"
::1 - - [12/Jun/2021:06:24:17 +0000] "GET /css/home.css HTTP/1.1" 404 151 "http://localhost:8000/" "Mozilla/5.0 (Windows NT 10.0; Win64; x64) AppleWebKit/537.36 (KHTML, like Gecko) Chrome/91.0.4472.101 Safari/537.36"
::1 - - [12/Jun/2021:06:24:17 +0000] "GET /js/home_comments.js HTTP/1.1" 404 158 "http://localhost:8000/" "Mozilla/5.0 (Windows NT 10.0; Win64; x64) AppleWebKit/537.36 (KHTML, like Gecko) Chrome/91.0.4472.101 Safari/537.36"
::1 - - [12/Jun/2021:06:24:17 +0000] "GET /js/home_posts.js HTTP/1.1" 404 155 "http://localhost:8000/" "Mozilla/5.0 (Windows NT 10.0; Win64; x64) AppleWebKit/537.36 (KHTML, like Gecko) Chrome/91.0.4472.101 Safari/537.36"
::1 - - [12/Jun/2021:06:24:17 +0000] "GET /js/toggle_likes.js HTTP/1.1" 404 157 "http://localhost:8000/" "Mozilla/5.0 (Windows NT 10.0; Win64; x64) AppleWebKit/537.36 (KHTML, like Gecko) Chrome/91.0.4472.101 Safari/537.36"
::1 - - [12/Jun/2021:06:24:17 +0000] "GET /js/chat_engine.js HTTP/1.1" 404 156 "http://localhost:8000/" "Mozilla/5.0 (Windows NT 10.0; Win64; x64) AppleWebKit/537.36 (KHTML, like Gecko) Chrome/91.0.4472.101 Safari/537.36"
::1 - - [12/Jun/2021:06:24:17 +0000] "GET /assetPath('css/layout.css') HTTP/1.1" 404 174 "http://localhost:8000/" "Mozilla/5.0 (Windows NT 10.0; Win64; x64) AppleWebKit/537.36 (KHTML, like Gecko) Chrome/91.0.4472.101 Safari/537.36"
::1 - - [12/Jun/2021:06:24:17 +0000] "GET /css/header.css HTTP/1.1" 404 153 "http://localhost:8000/" "Mozilla/5.0 (Windows NT 10.0; Win64; x64) AppleWebKit/537.36 (KHTML, like Gecko) Chrome/91.0.4472.101 Safari/537.36"
::1 - - [12/Jun/2021:06:24:17 +0000] "GET /css/footer.css HTTP/1.1" 404 153 "http://localhost:8000/" "Mozilla/5.0 (Windows NT 10.0; Win64; x64) AppleWebKit/537.36 (KHTML, like Gecko) Chrome/91.0.4472.101 Safari/537.36"
::1 - - [12/Jun/2021:06:24:17 +0000] "GET /css/home.css HTTP/1.1" 404 151 "http://localhost:8000/" "Mozilla/5.0 (Windows NT 10.0; Win64; x64) AppleWebKit/537.36 (KHTML, like Gecko) Chrome/91.0.4472.101 Safari/537.36"
::1 - - [12/Jun/2021:06:24:17 +0000] "GET /css/chat_box.css HTTP/1.1" 404 155 "http://localhost:8000/" "Mozilla/5.0 (Windows NT 10.0; Win64; x64) AppleWebKit/537.36 (KHTML, like Gecko) Chrome/91.0.4472.101 Safari/537.36"
::1 - - [12/Jun/2021:06:24:17 +0000] "GET /js/home_comments.js HTTP/1.1" 404 158 "http://localhost:8000/" "Mozilla/5.0 (Windows NT 10.0; Win64; x64) AppleWebKit/537.36 (KHTML, like Gecko) Chrome/91.0.4472.101 Safari/537.36"
::1 - - [12/Jun/2021:06:24:17 +0000] "GET /js/home_posts.js HTTP/1.1" 404 155 "http://localhost:8000/" "Mozilla/5.0 (Windows NT 10.0; Win64; x64) AppleWebKit/537.36 (KHTML, like Gecko) Chrome/91.0.4472.101 Safari/537.36"
::1 - - [12/Jun/2021:06:24:17 +0000] "GET /js/toggle_likes.js HTTP/1.1" 404 157 "http://localhost:8000/" "Mozilla/5.0 (Windows NT 10.0; Win64; x64) AppleWebKit/537.36 (KHTML, like Gecko) Chrome/91.0.4472.101 Safari/537.36"
::1 - - [12/Jun/2021:06:24:17 +0000] "GET /js/chat_engine.js HTTP/1.1" 404 156 "http://localhost:8000/" "Mozilla/5.0 (Windows NT 10.0; Win64; x64) AppleWebKit/537.36 (KHTML, like Gecko) Chrome/91.0.4472.101 Safari/537.36"
::1 - - [12/Jun/2021:06:25:47 +0000] "GET / HTTP/1.1" 500 148 "-" "Mozilla/5.0 (Windows NT 10.0; Win64; x64) AppleWebKit/537.36 (KHTML, like Gecko) Chrome/91.0.4472.101 Safari/537.36"
::1 - - [12/Jun/2021:06:26:38 +0000] "GET / HTTP/1.1" 500 148 "-" "Mozilla/5.0 (Windows NT 10.0; Win64; x64) AppleWebKit/537.36 (KHTML, like Gecko) Chrome/91.0.4472.101 Safari/537.36"
::1 - - [12/Jun/2021:06:27:16 +0000] "GET / HTTP/1.1" 500 148 "-" "Mozilla/5.0 (Windows NT 10.0; Win64; x64) AppleWebKit/537.36 (KHTML, like Gecko) Chrome/91.0.4472.101 Safari/537.36"
::1 - - [12/Jun/2021:06:27:54 +0000] "GET / HTTP/1.1" 500 148 "-" "Mozilla/5.0 (Windows NT 10.0; Win64; x64) AppleWebKit/537.36 (KHTML, like Gecko) Chrome/91.0.4472.101 Safari/537.36"
::1 - - [12/Jun/2021:06:29:47 +0000] "GET / HTTP/1.1" 200 3770 "-" "Mozilla/5.0 (Windows NT 10.0; Win64; x64) AppleWebKit/537.36 (KHTML, like Gecko) Chrome/91.0.4472.101 Safari/537.36"
::1 - - [12/Jun/2021:06:29:47 +0000] "GET /css/header.css HTTP/1.1" 404 153 "http://localhost:8000/" "Mozilla/5.0 (Windows NT 10.0; Win64; x64) AppleWebKit/537.36 (KHTML, like Gecko) Chrome/91.0.4472.101 Safari/537.36"
::1 - - [12/Jun/2021:06:29:47 +0000] "GET /css/footer.css HTTP/1.1" 404 153 "http://localhost:8000/" "Mozilla/5.0 (Windows NT 10.0; Win64; x64) AppleWebKit/537.36 (KHTML, like Gecko) Chrome/91.0.4472.101 Safari/537.36"
::1 - - [12/Jun/2021:06:29:47 +0000] "GET /css/chat_box.css HTTP/1.1" 404 155 "http://localhost:8000/" "Mozilla/5.0 (Windows NT 10.0; Win64; x64) AppleWebKit/537.36 (KHTML, like Gecko) Chrome/91.0.4472.101 Safari/537.36"
::1 - - [12/Jun/2021:06:29:47 +0000] "GET /css/home.css HTTP/1.1" 404 151 "http://localhost:8000/" "Mozilla/5.0 (Windows NT 10.0; Win64; x64) AppleWebKit/537.36 (KHTML, like Gecko) Chrome/91.0.4472.101 Safari/537.36"
::1 - - [12/Jun/2021:06:29:47 +0000] "GET /js/home_comments.js HTTP/1.1" 404 158 "http://localhost:8000/" "Mozilla/5.0 (Windows NT 10.0; Win64; x64) AppleWebKit/537.36 (KHTML, like Gecko) Chrome/91.0.4472.101 Safari/537.36"
::1 - - [12/Jun/2021:06:29:47 +0000] "GET /js/chat_engine.js HTTP/1.1" 404 156 "http://localhost:8000/" "Mozilla/5.0 (Windows NT 10.0; Win64; x64) AppleWebKit/537.36 (KHTML, like Gecko) Chrome/91.0.4472.101 Safari/537.36"
::1 - - [12/Jun/2021:06:29:47 +0000] "GET /js/home_posts.js HTTP/1.1" 404 155 "http://localhost:8000/" "Mozilla/5.0 (Windows NT 10.0; Win64; x64) AppleWebKit/537.36 (KHTML, like Gecko) Chrome/91.0.4472.101 Safari/537.36"
::1 - - [12/Jun/2021:06:29:47 +0000] "GET /js/toggle_likes.js HTTP/1.1" 404 157 "http://localhost:8000/" "Mozilla/5.0 (Windows NT 10.0; Win64; x64) AppleWebKit/537.36 (KHTML, like Gecko) Chrome/91.0.4472.101 Safari/537.36"
::1 - - [12/Jun/2021:06:29:47 +0000] "GET /css/header.css HTTP/1.1" 404 153 "http://localhost:8000/" "Mozilla/5.0 (Windows NT 10.0; Win64; x64) AppleWebKit/537.36 (KHTML, like Gecko) Chrome/91.0.4472.101 Safari/537.36"
::1 - - [12/Jun/2021:06:29:47 +0000] "GET /css/footer.css HTTP/1.1" 404 153 "http://localhost:8000/" "Mozilla/5.0 (Windows NT 10.0; Win64; x64) AppleWebKit/537.36 (KHTML, like Gecko) Chrome/91.0.4472.101 Safari/537.36"
::1 - - [12/Jun/2021:06:29:47 +0000] "GET /css/home.css HTTP/1.1" 404 151 "http://localhost:8000/" "Mozilla/5.0 (Windows NT 10.0; Win64; x64) AppleWebKit/537.36 (KHTML, like Gecko) Chrome/91.0.4472.101 Safari/537.36"
::1 - - [12/Jun/2021:06:29:47 +0000] "GET /css/chat_box.css HTTP/1.1" 404 155 "http://localhost:8000/" "Mozilla/5.0 (Windows NT 10.0; Win64; x64) AppleWebKit/537.36 (KHTML, like Gecko) Chrome/91.0.4472.101 Safari/537.36"
::1 - - [12/Jun/2021:06:29:47 +0000] "GET /js/home_comments.js HTTP/1.1" 404 158 "http://localhost:8000/" "Mozilla/5.0 (Windows NT 10.0; Win64; x64) AppleWebKit/537.36 (KHTML, like Gecko) Chrome/91.0.4472.101 Safari/537.36"
::1 - - [12/Jun/2021:06:29:47 +0000] "GET /js/home_posts.js HTTP/1.1" 404 155 "http://localhost:8000/" "Mozilla/5.0 (Windows NT 10.0; Win64; x64) AppleWebKit/537.36 (KHTML, like Gecko) Chrome/91.0.4472.101 Safari/537.36"
::1 - - [12/Jun/2021:06:29:47 +0000] "GET /js/toggle_likes.js HTTP/1.1" 404 157 "http://localhost:8000/" "Mozilla/5.0 (Windows NT 10.0; Win64; x64) AppleWebKit/537.36 (KHTML, like Gecko) Chrome/91.0.4472.101 Safari/537.36"
::1 - - [12/Jun/2021:06:29:47 +0000] "GET /js/chat_engine.js HTTP/1.1" 404 156 "http://localhost:8000/" "Mozilla/5.0 (Windows NT 10.0; Win64; x64) AppleWebKit/537.36 (KHTML, like Gecko) Chrome/91.0.4472.101 Safari/537.36"
::1 - - [12/Jun/2021:06:31:38 +0000] "GET / HTTP/1.1" 200 3792 "-" "Mozilla/5.0 (Windows NT 10.0; Win64; x64) AppleWebKit/537.36 (KHTML, like Gecko) Chrome/91.0.4472.101 Safari/537.36"
::1 - - [12/Jun/2021:06:31:38 +0000] "GET /css/home.css HTTP/1.1" 404 151 "http://localhost:8000/" "Mozilla/5.0 (Windows NT 10.0; Win64; x64) AppleWebKit/537.36 (KHTML, like Gecko) Chrome/91.0.4472.101 Safari/537.36"
::1 - - [12/Jun/2021:06:31:38 +0000] "GET /css/chat_box.css HTTP/1.1" 404 155 "http://localhost:8000/" "Mozilla/5.0 (Windows NT 10.0; Win64; x64) AppleWebKit/537.36 (KHTML, like Gecko) Chrome/91.0.4472.101 Safari/537.36"
::1 - - [12/Jun/2021:06:31:38 +0000] "GET /js/home_comments.js HTTP/1.1" 404 158 "http://localhost:8000/" "Mozilla/5.0 (Windows NT 10.0; Win64; x64) AppleWebKit/537.36 (KHTML, like Gecko) Chrome/91.0.4472.101 Safari/537.36"
::1 - - [12/Jun/2021:06:31:38 +0000] "GET /js/toggle_likes.js HTTP/1.1" 404 157 "http://localhost:8000/" "Mozilla/5.0 (Windows NT 10.0; Win64; x64) AppleWebKit/537.36 (KHTML, like Gecko) Chrome/91.0.4472.101 Safari/537.36"
::1 - - [12/Jun/2021:06:31:38 +0000] "GET /js/home_posts.js HTTP/1.1" 404 155 "http://localhost:8000/" "Mozilla/5.0 (Windows NT 10.0; Win64; x64) AppleWebKit/537.36 (KHTML, like Gecko) Chrome/91.0.4472.101 Safari/537.36"
::1 - - [12/Jun/2021:06:31:38 +0000] "GET /js/chat_engine.js HTTP/1.1" 404 156 "http://localhost:8000/" "Mozilla/5.0 (Windows NT 10.0; Win64; x64) AppleWebKit/537.36 (KHTML, like Gecko) Chrome/91.0.4472.101 Safari/537.36"
::1 - - [12/Jun/2021:06:31:38 +0000] "GET /css/home.css HTTP/1.1" 404 151 "http://localhost:8000/" "Mozilla/5.0 (Windows NT 10.0; Win64; x64) AppleWebKit/537.36 (KHTML, like Gecko) Chrome/91.0.4472.101 Safari/537.36"
::1 - - [12/Jun/2021:06:31:38 +0000] "GET /css/chat_box.css HTTP/1.1" 404 155 "http://localhost:8000/" "Mozilla/5.0 (Windows NT 10.0; Win64; x64) AppleWebKit/537.36 (KHTML, like Gecko) Chrome/91.0.4472.101 Safari/537.36"
::1 - - [12/Jun/2021:06:31:38 +0000] "GET /js/home_comments.js HTTP/1.1" 404 158 "http://localhost:8000/" "Mozilla/5.0 (Windows NT 10.0; Win64; x64) AppleWebKit/537.36 (KHTML, like Gecko) Chrome/91.0.4472.101 Safari/537.36"
::1 - - [12/Jun/2021:06:31:38 +0000] "GET /js/home_posts.js HTTP/1.1" 404 155 "http://localhost:8000/" "Mozilla/5.0 (Windows NT 10.0; Win64; x64) AppleWebKit/537.36 (KHTML, like Gecko) Chrome/91.0.4472.101 Safari/537.36"
::1 - - [12/Jun/2021:06:31:38 +0000] "GET /js/toggle_likes.js HTTP/1.1" 404 157 "http://localhost:8000/" "Mozilla/5.0 (Windows NT 10.0; Win64; x64) AppleWebKit/537.36 (KHTML, like Gecko) Chrome/91.0.4472.101 Safari/537.36"
::1 - - [12/Jun/2021:06:31:38 +0000] "GET /js/chat_engine.js HTTP/1.1" 404 156 "http://localhost:8000/" "Mozilla/5.0 (Windows NT 10.0; Win64; x64) AppleWebKit/537.36 (KHTML, like Gecko) Chrome/91.0.4472.101 Safari/537.36"
::1 - - [12/Jun/2021:06:34:02 +0000] "GET /users/sign-in HTTP/1.1" 200 1860 "http://localhost:8000/" "Mozilla/5.0 (Windows NT 10.0; Win64; x64) AppleWebKit/537.36 (KHTML, like Gecko) Chrome/91.0.4472.101 Safari/537.36"
::1 - - [12/Jun/2021:06:34:05 +0000] "GET /users/auth/google HTTP/1.1" 302 0 "http://localhost:8000/users/sign-in" "Mozilla/5.0 (Windows NT 10.0; Win64; x64) AppleWebKit/537.36 (KHTML, like Gecko) Chrome/91.0.4472.101 Safari/537.36"
::1 - - [12/Jun/2021:06:34:22 +0000] "POST /users/create-session HTTP/1.1" 302 46 "http://localhost:8000/users/sign-in" "Mozilla/5.0 (Windows NT 10.0; Win64; x64) AppleWebKit/537.36 (KHTML, like Gecko) Chrome/91.0.4472.101 Safari/537.36"
::1 - - [12/Jun/2021:06:34:22 +0000] "GET / HTTP/1.1" 200 6125 "http://localhost:8000/users/sign-in" "Mozilla/5.0 (Windows NT 10.0; Win64; x64) AppleWebKit/537.36 (KHTML, like Gecko) Chrome/91.0.4472.101 Safari/537.36"
::1 - - [12/Jun/2021:06:34:22 +0000] "GET /css/chat_box.css HTTP/1.1" 404 155 "http://localhost:8000/" "Mozilla/5.0 (Windows NT 10.0; Win64; x64) AppleWebKit/537.36 (KHTML, like Gecko) Chrome/91.0.4472.101 Safari/537.36"
::1 - - [12/Jun/2021:06:34:22 +0000] "GET /js/home_comments.js HTTP/1.1" 404 158 "http://localhost:8000/" "Mozilla/5.0 (Windows NT 10.0; Win64; x64) AppleWebKit/537.36 (KHTML, like Gecko) Chrome/91.0.4472.101 Safari/537.36"
::1 - - [12/Jun/2021:06:34:22 +0000] "GET /css/home.css HTTP/1.1" 404 151 "http://localhost:8000/" "Mozilla/5.0 (Windows NT 10.0; Win64; x64) AppleWebKit/537.36 (KHTML, like Gecko) Chrome/91.0.4472.101 Safari/537.36"
::1 - - [12/Jun/2021:06:34:22 +0000] "GET /js/home_posts.js HTTP/1.1" 404 155 "http://localhost:8000/" "Mozilla/5.0 (Windows NT 10.0; Win64; x64) AppleWebKit/537.36 (KHTML, like Gecko) Chrome/91.0.4472.101 Safari/537.36"
::1 - - [12/Jun/2021:06:34:22 +0000] "GET /js/chat_engine.js HTTP/1.1" 404 156 "http://localhost:8000/" "Mozilla/5.0 (Windows NT 10.0; Win64; x64) AppleWebKit/537.36 (KHTML, like Gecko) Chrome/91.0.4472.101 Safari/537.36"
::1 - - [12/Jun/2021:06:34:22 +0000] "GET /js/toggle_likes.js HTTP/1.1" 404 157 "http://localhost:8000/" "Mozilla/5.0 (Windows NT 10.0; Win64; x64) AppleWebKit/537.36 (KHTML, like Gecko) Chrome/91.0.4472.101 Safari/537.36"
::1 - - [12/Jun/2021:06:34:22 +0000] "GET /js/home_posts.js HTTP/1.1" 404 155 "http://localhost:8000/" "Mozilla/5.0 (Windows NT 10.0; Win64; x64) AppleWebKit/537.36 (KHTML, like Gecko) Chrome/91.0.4472.101 Safari/537.36"
::1 - - [12/Jun/2021:06:34:22 +0000] "GET /js/toggle_likes.js HTTP/1.1" 404 157 "http://localhost:8000/" "Mozilla/5.0 (Windows NT 10.0; Win64; x64) AppleWebKit/537.36 (KHTML, like Gecko) Chrome/91.0.4472.101 Safari/537.36"
::1 - - [12/Jun/2021:06:34:22 +0000] "GET /js/chat_engine.js HTTP/1.1" 404 156 "http://localhost:8000/" "Mozilla/5.0 (Windows NT 10.0; Win64; x64) AppleWebKit/537.36 (KHTML, like Gecko) Chrome/91.0.4472.101 Safari/537.36"
::1 - - [12/Jun/2021:06:34:26 +0000] "GET /likes/toggle/?id=60bff9a680ff82516c36d9e5&type=Comment HTTP/1.1" 404 152 "http://localhost:8000/" "Mozilla/5.0 (Windows NT 10.0; Win64; x64) AppleWebKit/537.36 (KHTML, like Gecko) Chrome/91.0.4472.101 Safari/537.36"
::1 - - [12/Jun/2021:06:34:29 +0000] "GET /js/home_posts.js HTTP/1.1" 404 155 "http://localhost:8000/" "Mozilla/5.0 (Windows NT 10.0; Win64; x64) AppleWebKit/537.36 (KHTML, like Gecko) Chrome/91.0.4472.101 Safari/537.36"
::1 - - [12/Jun/2021:06:34:29 +0000] "GET /js/chat_engine.js HTTP/1.1" 404 156 "http://localhost:8000/" "Mozilla/5.0 (Windows NT 10.0; Win64; x64) AppleWebKit/537.36 (KHTML, like Gecko) Chrome/91.0.4472.101 Safari/537.36"
::1 - - [12/Jun/2021:06:34:36 +0000] "GET / HTTP/1.1" 200 5852 "-" "Mozilla/5.0 (Windows NT 10.0; Win64; x64) AppleWebKit/537.36 (KHTML, like Gecko) Chrome/91.0.4472.101 Safari/537.36"
::1 - - [12/Jun/2021:06:34:36 +0000] "GET /css/home.css HTTP/1.1" 404 151 "http://localhost:8000/" "Mozilla/5.0 (Windows NT 10.0; Win64; x64) AppleWebKit/537.36 (KHTML, like Gecko) Chrome/91.0.4472.101 Safari/537.36"
::1 - - [12/Jun/2021:06:34:36 +0000] "GET /css/chat_box.css HTTP/1.1" 404 155 "http://localhost:8000/" "Mozilla/5.0 (Windows NT 10.0; Win64; x64) AppleWebKit/537.36 (KHTML, like Gecko) Chrome/91.0.4472.101 Safari/537.36"
::1 - - [12/Jun/2021:06:34:36 +0000] "GET /js/home_comments.js HTTP/1.1" 404 158 "http://localhost:8000/" "Mozilla/5.0 (Windows NT 10.0; Win64; x64) AppleWebKit/537.36 (KHTML, like Gecko) Chrome/91.0.4472.101 Safari/537.36"
::1 - - [12/Jun/2021:06:34:36 +0000] "GET /js/home_posts.js HTTP/1.1" 404 155 "http://localhost:8000/" "Mozilla/5.0 (Windows NT 10.0; Win64; x64) AppleWebKit/537.36 (KHTML, like Gecko) Chrome/91.0.4472.101 Safari/537.36"
::1 - - [12/Jun/2021:06:34:36 +0000] "GET /js/toggle_likes.js HTTP/1.1" 404 157 "http://localhost:8000/" "Mozilla/5.0 (Windows NT 10.0; Win64; x64) AppleWebKit/537.36 (KHTML, like Gecko) Chrome/91.0.4472.101 Safari/537.36"
::1 - - [12/Jun/2021:06:34:36 +0000] "GET /js/chat_engine.js HTTP/1.1" 404 156 "http://localhost:8000/" "Mozilla/5.0 (Windows NT 10.0; Win64; x64) AppleWebKit/537.36 (KHTML, like Gecko) Chrome/91.0.4472.101 Safari/537.36"
::1 - - [12/Jun/2021:06:34:38 +0000] "GET /css/home.css HTTP/1.1" 404 151 "http://localhost:8000/" "Mozilla/5.0 (Windows NT 10.0; Win64; x64) AppleWebKit/537.36 (KHTML, like Gecko) Chrome/91.0.4472.101 Safari/537.36"
::1 - - [12/Jun/2021:06:34:38 +0000] "GET /css/chat_box.css HTTP/1.1" 404 155 "http://localhost:8000/" "Mozilla/5.0 (Windows NT 10.0; Win64; x64) AppleWebKit/537.36 (KHTML, like Gecko) Chrome/91.0.4472.101 Safari/537.36"
::1 - - [12/Jun/2021:06:34:38 +0000] "GET /js/home_comments.js HTTP/1.1" 404 158 "http://localhost:8000/" "Mozilla/5.0 (Windows NT 10.0; Win64; x64) AppleWebKit/537.36 (KHTML, like Gecko) Chrome/91.0.4472.101 Safari/537.36"
::1 - - [12/Jun/2021:06:34:38 +0000] "GET /js/home_posts.js HTTP/1.1" 404 155 "http://localhost:8000/" "Mozilla/5.0 (Windows NT 10.0; Win64; x64) AppleWebKit/537.36 (KHTML, like Gecko) Chrome/91.0.4472.101 Safari/537.36"
::1 - - [12/Jun/2021:06:34:38 +0000] "GET /js/toggle_likes.js HTTP/1.1" 404 157 "http://localhost:8000/" "Mozilla/5.0 (Windows NT 10.0; Win64; x64) AppleWebKit/537.36 (KHTML, like Gecko) Chrome/91.0.4472.101 Safari/537.36"
::1 - - [12/Jun/2021:06:34:38 +0000] "GET /css/home.css HTTP/1.1" 404 151 "http://localhost:8000/" "Mozilla/5.0 (Windows NT 10.0; Win64; x64) AppleWebKit/537.36 (KHTML, like Gecko) Chrome/91.0.4472.101 Safari/537.36"
::1 - - [12/Jun/2021:06:34:38 +0000] "GET /css/chat_box.css HTTP/1.1" 404 155 "http://localhost:8000/" "Mozilla/5.0 (Windows NT 10.0; Win64; x64) AppleWebKit/537.36 (KHTML, like Gecko) Chrome/91.0.4472.101 Safari/537.36"
::1 - - [12/Jun/2021:06:34:38 +0000] "GET /js/home_comments.js HTTP/1.1" 404 158 "http://localhost:8000/" "Mozilla/5.0 (Windows NT 10.0; Win64; x64) AppleWebKit/537.36 (KHTML, like Gecko) Chrome/91.0.4472.101 Safari/537.36"
::1 - - [12/Jun/2021:06:34:38 +0000] "GET /js/home_posts.js HTTP/1.1" 404 155 "http://localhost:8000/" "Mozilla/5.0 (Windows NT 10.0; Win64; x64) AppleWebKit/537.36 (KHTML, like Gecko) Chrome/91.0.4472.101 Safari/537.36"
::1 - - [12/Jun/2021:06:34:38 +0000] "GET /js/toggle_likes.js HTTP/1.1" 404 157 "http://localhost:8000/" "Mozilla/5.0 (Windows NT 10.0; Win64; x64) AppleWebKit/537.36 (KHTML, like Gecko) Chrome/91.0.4472.101 Safari/537.36"
::1 - - [12/Jun/2021:06:34:38 +0000] "GET /js/chat_engine.js HTTP/1.1" 404 156 "http://localhost:8000/" "Mozilla/5.0 (Windows NT 10.0; Win64; x64) AppleWebKit/537.36 (KHTML, like Gecko) Chrome/91.0.4472.101 Safari/537.36"
::1 - - [12/Jun/2021:06:34:40 +0000] "GET /users/sign-out HTTP/1.1" 302 46 "http://localhost:8000/" "Mozilla/5.0 (Windows NT 10.0; Win64; x64) AppleWebKit/537.36 (KHTML, like Gecko) Chrome/91.0.4472.101 Safari/537.36"
::1 - - [12/Jun/2021:06:34:40 +0000] "GET / HTTP/1.1" 200 4064 "http://localhost:8000/" "Mozilla/5.0 (Windows NT 10.0; Win64; x64) AppleWebKit/537.36 (KHTML, like Gecko) Chrome/91.0.4472.101 Safari/537.36"
::1 - - [12/Jun/2021:06:34:40 +0000] "GET /css/home.css HTTP/1.1" 404 151 "http://localhost:8000/" "Mozilla/5.0 (Windows NT 10.0; Win64; x64) AppleWebKit/537.36 (KHTML, like Gecko) Chrome/91.0.4472.101 Safari/537.36"
::1 - - [12/Jun/2021:06:34:40 +0000] "GET /css/chat_box.css HTTP/1.1" 404 155 "http://localhost:8000/" "Mozilla/5.0 (Windows NT 10.0; Win64; x64) AppleWebKit/537.36 (KHTML, like Gecko) Chrome/91.0.4472.101 Safari/537.36"
::1 - - [12/Jun/2021:06:34:40 +0000] "GET /js/home_posts.js HTTP/1.1" 404 155 "http://localhost:8000/" "Mozilla/5.0 (Windows NT 10.0; Win64; x64) AppleWebKit/537.36 (KHTML, like Gecko) Chrome/91.0.4472.101 Safari/537.36"
::1 - - [12/Jun/2021:06:34:40 +0000] "GET /js/toggle_likes.js HTTP/1.1" 404 157 "http://localhost:8000/" "Mozilla/5.0 (Windows NT 10.0; Win64; x64) AppleWebKit/537.36 (KHTML, like Gecko) Chrome/91.0.4472.101 Safari/537.36"
::1 - - [12/Jun/2021:06:34:40 +0000] "GET /js/home_comments.js HTTP/1.1" 404 158 "http://localhost:8000/" "Mozilla/5.0 (Windows NT 10.0; Win64; x64) AppleWebKit/537.36 (KHTML, like Gecko) Chrome/91.0.4472.101 Safari/537.36"
::1 - - [12/Jun/2021:06:34:40 +0000] "GET /js/chat_engine.js HTTP/1.1" 404 156 "http://localhost:8000/" "Mozilla/5.0 (Windows NT 10.0; Win64; x64) AppleWebKit/537.36 (KHTML, like Gecko) Chrome/91.0.4472.101 Safari/537.36"
::1 - - [12/Jun/2021:06:34:40 +0000] "GET /js/home_posts.js HTTP/1.1" 404 155 "http://localhost:8000/" "Mozilla/5.0 (Windows NT 10.0; Win64; x64) AppleWebKit/537.36 (KHTML, like Gecko) Chrome/91.0.4472.101 Safari/537.36"
::1 - - [12/Jun/2021:06:34:40 +0000] "GET /js/toggle_likes.js HTTP/1.1" 404 157 "http://localhost:8000/" "Mozilla/5.0 (Windows NT 10.0; Win64; x64) AppleWebKit/537.36 (KHTML, like Gecko) Chrome/91.0.4472.101 Safari/537.36"
::1 - - [12/Jun/2021:06:34:40 +0000] "GET /js/chat_engine.js HTTP/1.1" 404 156 "http://localhost:8000/" "Mozilla/5.0 (Windows NT 10.0; Win64; x64) AppleWebKit/537.36 (KHTML, like Gecko) Chrome/91.0.4472.101 Safari/537.36"
::1 - - [12/Jun/2021:06:55:46 +0000] "GET / HTTP/1.1" 200 3856 "http://localhost:8000/" "Mozilla/5.0 (Windows NT 10.0; Win64; x64) AppleWebKit/537.36 (KHTML, like Gecko) Chrome/91.0.4472.101 Safari/537.36"
::1 - - [12/Jun/2021:06:55:49 +0000] "GET /users/sign-in HTTP/1.1" 304 - "http://localhost:8000/" "Mozilla/5.0 (Windows NT 10.0; Win64; x64) AppleWebKit/537.36 (KHTML, like Gecko) Chrome/91.0.4472.101 Safari/537.36"
::1 - - [12/Jun/2021:06:55:56 +0000] "POST /users/create-session HTTP/1.1" 302 46 "http://localhost:8000/users/sign-in" "Mozilla/5.0 (Windows NT 10.0; Win64; x64) AppleWebKit/537.36 (KHTML, like Gecko) Chrome/91.0.4472.101 Safari/537.36"
::1 - - [12/Jun/2021:06:55:56 +0000] "GET / HTTP/1.1" 200 6189 "http://localhost:8000/users/sign-in" "Mozilla/5.0 (Windows NT 10.0; Win64; x64) AppleWebKit/537.36 (KHTML, like Gecko) Chrome/91.0.4472.101 Safari/537.36"
::1 - - [12/Jun/2021:06:56:00 +0000] "POST /likes/toggle/?id=60bff9a680ff82516c36d9e5&type=Comment HTTP/1.1" 200 57 "http://localhost:8000/" "Mozilla/5.0 (Windows NT 10.0; Win64; x64) AppleWebKit/537.36 (KHTML, like Gecko) Chrome/91.0.4472.101 Safari/537.36"
::1 - - [12/Jun/2021:06:56:01 +0000] "POST /likes/toggle/?id=60bff9a680ff82516c36d9e5&type=Comment HTTP/1.1" 200 58 "http://localhost:8000/" "Mozilla/5.0 (Windows NT 10.0; Win64; x64) AppleWebKit/537.36 (KHTML, like Gecko) Chrome/91.0.4472.101 Safari/537.36"
::1 - - [12/Jun/2021:06:56:04 +0000] "POST /likes/toggle/?id=60bff99e80ff82516c36d9e4&type=Post HTTP/1.1" 200 57 "http://localhost:8000/" "Mozilla/5.0 (Windows NT 10.0; Win64; x64) AppleWebKit/537.36 (KHTML, like Gecko) Chrome/91.0.4472.101 Safari/537.36"
::1 - - [12/Jun/2021:06:56:05 +0000] "POST /likes/toggle/?id=60bff99e80ff82516c36d9e4&type=Post HTTP/1.1" 200 58 "http://localhost:8000/" "Mozilla/5.0 (Windows NT 10.0; Win64; x64) AppleWebKit/537.36 (KHTML, like Gecko) Chrome/91.0.4472.101 Safari/537.36"
::1 - - [12/Jun/2021:07:06:50 +0000] "GET / HTTP/1.1" 200 5916 "http://localhost:8000/users/sign-in" "Mozilla/5.0 (Windows NT 10.0; Win64; x64) AppleWebKit/537.36 (KHTML, like Gecko) Chrome/91.0.4472.101 Safari/537.36"
::1 - - [12/Jun/2021:07:07:58 +0000] "GET / HTTP/1.1" 304 - "http://localhost:8000/users/sign-in" "Mozilla/5.0 (Windows NT 10.0; Win64; x64) AppleWebKit/537.36 (KHTML, like Gecko) Chrome/91.0.4472.101 Safari/537.36"
::1 - - [12/Jun/2021:07:08:07 +0000] "GET / HTTP/1.1" 304 - "http://localhost:8000/users/sign-in" "Mozilla/5.0 (Windows NT 10.0; Win64; x64) AppleWebKit/537.36 (KHTML, like Gecko) Chrome/91.0.4472.101 Safari/537.36"
[0mGET / [32m200[0m 120.036 ms - 8132[0m
[0mGET /users/sign-in [32m200[0m 13.462 ms - 1824[0m
[0mGET /users/css/layout.css [33m404[0m 12.125 ms - 159[0m
[0mGET /users/css/header.css [33m404[0m 17.765 ms - 159[0m
[0mGET /users/css/footer.css [33m404[0m 17.705 ms - 159[0m
[0mGET /users/sign-in [36m304[0m 9.645 ms - -[0m
[0mGET /users/css/layout.css [33m404[0m 12.167 ms - 159[0m
[0mGET /users/css/header.css [33m404[0m 11.239 ms - 159[0m
[0mGET /users/css/footer.css [33m404[0m 13.925 ms - 159[0m
[0mGET /users/sign-in [36m304[0m 7.556 ms - -[0m
[0mGET /users/css/layout.css [33m404[0m 13.873 ms - 159[0m
[0mGET /users/css/header.css [33m404[0m 14.478 ms - 159[0m
[0mGET /users/css/footer.css [33m404[0m 15.823 ms - 159[0m
[0mGET /users/auth/google [36m302[0m 10.661 ms - 0[0m
[0mGET /users/auth/google/callback?code=4%2F0AY0e-g6p5W9DS0njSkNq4Ba53Xpst79ZLD1-2sPVCEuguDQg1_WtHDuWRL6LYRLUU60NAw&scope=email+profile+https%3A%2F%2Fwww.googleapis.com%2Fauth%2Fuserinfo.email+openid+https%3A%2F%2Fwww.googleapis.com%2Fauth%2Fuserinfo.profile&authuser=0&prompt=none [36m302[0m 712.272 ms - 46[0m
[0mGET / [32m200[0m 89.984 ms - 12739[0m
[0mGET /users/sign-out [36m302[0m 15.698 ms - 46[0m
[0mGET / [32m200[0m 67.172 ms - 8404[0m
[0mGET /users/sign-in [36m304[0m 9.742 ms - -[0m
[0mGET /users/css/layout.css [33m404[0m 11.815 ms - 159[0m
[0mGET /users/css/header.css [33m404[0m 17.470 ms - 159[0m
[0mGET /users/css/footer.css [33m404[0m 13.050 ms - 159[0m
[0mGET /users/sign-up [32m200[0m 15.051 ms - 1980[0m
[0mGET /users/css/layout.css [33m404[0m 14.158 ms - 159[0m
[0mGET /users/css/header.css [33m404[0m 14.128 ms - 159[0m
[0mGET /users/css/footer.css [33m404[0m 16.402 ms - 159[0m
[0mGET /users/sign-in [36m304[0m 7.805 ms - -[0m
[0mGET /users/css/layout.css [33m404[0m 14.199 ms - 159[0m
[0mGET /users/css/header.css [33m404[0m 18.343 ms - 159[0m
[0mGET /users/css/footer.css [33m404[0m 20.546 ms - 159[0m
[0mGET /users/sign-in [36m304[0m 8.633 ms - -[0m
[0mGET /users/css/layout.css [33m404[0m 9.616 ms - 159[0m
[0mGET /users/css/header.css [33m404[0m 10.090 ms - 159[0m
[0mGET /users/css/footer.css [33m404[0m 12.795 ms - 159[0m
[0mGET /users/auth/google [36m302[0m 6.379 ms - 0[0m
[0mGET /users/auth/google/callback?code=4%2F0AY0e-g7kr-1M78v7Fy8QscuZmZuzGt6IFzrRnVrOUSYA667rFofzrGuJPriROA6bEIeGKQ&scope=email+profile+https%3A%2F%2Fwww.googleapis.com%2Fauth%2Fuserinfo.profile+https%3A%2F%2Fwww.googleapis.com%2Fauth%2Fuserinfo.email+openid&authuser=0&prompt=none [36m302[0m 453.665 ms - 46[0m
[0mGET / [32m200[0m 85.712 ms - 12739[0m
[0mGET / [32m200[0m 176.830 ms - 12466[0m
[0mGET /users/sign-out [36m302[0m 34.317 ms - 46[0m
[0mGET / [32m200[0m 62.633 ms - 8404[0m
[0mGET /users/sign-in [36m304[0m 15.704 ms - -[0m
[0mGET /users/css/layout.css [33m404[0m 21.717 ms - 159[0m
[0mGET /users/css/header.css [33m404[0m 22.229 ms - 159[0m
[0mGET /users/css/footer.css [33m404[0m 24.362 ms - 159[0m
[0mGET /users/auth/google [36m302[0m 12.486 ms - 0[0m
[0mGET /users/auth/google/callback?code=4%2F0AY0e-g7V9yIqBgQ8Qkl9_w90giP3JQjzCoozwh5KePuRGjcd5Sq-E4fKjygivlLODxJWkg&scope=email+profile+https%3A%2F%2Fwww.googleapis.com%2Fauth%2Fuserinfo.email+openid+https%3A%2F%2Fwww.googleapis.com%2Fauth%2Fuserinfo.profile&authuser=0&prompt=none [36m302[0m 529.647 ms - 46[0m
[0mGET / [32m200[0m 93.684 ms - 12739[0m
[0mGET / [32m200[0m 86.652 ms - 12466[0m
[0mGET / [36m304[0m 76.520 ms - -[0m
[0mGET / [32m200[0m 161.070 ms - 12468[0m
[0mGET / [36m304[0m 83.767 ms - -[0m
[0mGET /users/sign-out [36m302[0m 22.063 ms - 46[0m
[0mGET / [32m200[0m 44.698 ms - 8406[0m
[0mGET /users/sign-in [36m304[0m 14.831 ms - -[0m
[0mGET /users/css/layout.css [33m404[0m 18.505 ms - 159[0m
[0mGET /users/css/header.css [33m404[0m 19.271 ms - 159[0m
[0mGET /users/css/footer.css [33m404[0m 22.730 ms - 159[0m
[0mGET /users/css/layout.css [33m404[0m 11.962 ms - 159[0m
[0mGET /users/css/header.css [33m404[0m 12.863 ms - 159[0m
[0mGET /users/css/footer.css [33m404[0m 15.273 ms - 159[0m
::1 - - [12/Jun/2021:08:41:04 +0000] "GET / HTTP/1.1" 200 3858 "-" "Mozilla/5.0 (Windows NT 10.0; Win64; x64) AppleWebKit/537.36 (KHTML, like Gecko) Chrome/91.0.4472.101 Safari/537.36"
::1 - - [12/Jun/2021:08:41:12 +0000] "GET /users/sign-in HTTP/1.1" 200 1860 "http://localhost:8000/" "Mozilla/5.0 (Windows NT 10.0; Win64; x64) AppleWebKit/537.36 (KHTML, like Gecko) Chrome/91.0.4472.101 Safari/537.36"
::1 - - [12/Jun/2021:08:41:14 +0000] "GET /users/sign-up HTTP/1.1" 200 2016 "http://localhost:8000/users/sign-in" "Mozilla/5.0 (Windows NT 10.0; Win64; x64) AppleWebKit/537.36 (KHTML, like Gecko) Chrome/91.0.4472.101 Safari/537.36"
[0mGET /users/sign-up [32m200[0m 46.450 ms - 1980[0m
[0mGET /users/css/layout.css [33m404[0m 29.642 ms - 159[0m
[0mGET /users/css/header.css [33m404[0m 42.724 ms - 159[0m
[0mGET /users/css/footer.css [33m404[0m 30.666 ms - 159[0m
[0mGET /users/sign-up [32m200[0m 53.624 ms - 1983[0m
[0mGET /users/sign-up [36m304[0m 11.228 ms - -[0m
[0mGET /users/sign-in [32m200[0m 16.098 ms - 1827[0m
[0mGET /users/auth/google [36m302[0m 16.623 ms - 0[0m
[0mGET /users/auth/google/callback?code=4%2F0AY0e-g7Z6qnBhGgyJmO39SAqEIJ8E2AV59r0IPEfFwLmaI6bM_q186_nheAK7rcK6i1M1A&scope=email+profile+https%3A%2F%2Fwww.googleapis.com%2Fauth%2Fuserinfo.profile+https%3A%2F%2Fwww.googleapis.com%2Fauth%2Fuserinfo.email+openid&authuser=0&prompt=none [36m302[0m 1034.914 ms - 46[0m
[0mGET / [32m200[0m 124.348 ms - 12750[0m
[0mGET /users/sign-out [36m302[0m 17.943 ms - 46[0m
[0mGET / [32m200[0m 71.741 ms - 8415[0m
::1 - - [12/Jun/2021:08:47:37 +0000] "GET / HTTP/1.1" 200 3858 "http://localhost:8000/" "Mozilla/5.0 (Windows NT 10.0; Win64; x64) AppleWebKit/537.36 (KHTML, like Gecko) Chrome/91.0.4472.101 Safari/537.36"
::1 - - [12/Jun/2021:08:47:39 +0000] "GET /users/sign-in HTTP/1.1" 200 1860 "http://localhost:8000/" "Mozilla/5.0 (Windows NT 10.0; Win64; x64) AppleWebKit/537.36 (KHTML, like Gecko) Chrome/91.0.4472.101 Safari/537.36"
::1 - - [12/Jun/2021:08:47:46 +0000] "POST /users/create-session HTTP/1.1" 302 46 "http://localhost:8000/users/sign-in" "Mozilla/5.0 (Windows NT 10.0; Win64; x64) AppleWebKit/537.36 (KHTML, like Gecko) Chrome/91.0.4472.101 Safari/537.36"
::1 - - [12/Jun/2021:08:47:46 +0000] "GET / HTTP/1.1" 200 6191 "http://localhost:8000/users/sign-in" "Mozilla/5.0 (Windows NT 10.0; Win64; x64) AppleWebKit/537.36 (KHTML, like Gecko) Chrome/91.0.4472.101 Safari/537.36"
::1 - - [12/Jun/2021:08:47:56 +0000] "GET / HTTP/1.1" 200 5918 "http://localhost:8000/users/sign-in" "Mozilla/5.0 (Windows NT 10.0; Win64; x64) AppleWebKit/537.36 (KHTML, like Gecko) Chrome/91.0.4472.101 Safari/537.36"
::1 - - [12/Jun/2021:08:48:00 +0000] "GET /users/profile/60bff97280ff82516c36d9e3 HTTP/1.1" 200 2291 "http://localhost:8000/" "Mozilla/5.0 (Windows NT 10.0; Win64; x64) AppleWebKit/537.36 (KHTML, like Gecko) Chrome/91.0.4472.101 Safari/537.36"
[0mGET / [32m200[0m 146.612 ms - 8143[0m
[0mGET /users/sign-in [32m200[0m 18.035 ms - 1827[0m
[0mGET /users/auth/google [36m302[0m 13.162 ms - 0[0m
[0mGET /users/auth/google/callback?code=4%2F0AY0e-g7nwxYQujNWoX8tMt1jec4gMv2f8xEDOY9VZ0HEE6VVJSBu4fYNfOQA7GUE1RcX3g&scope=email+profile+https%3A%2F%2Fwww.googleapis.com%2Fauth%2Fuserinfo.profile+https%3A%2F%2Fwww.googleapis.com%2Fauth%2Fuserinfo.email+openid&authuser=0&prompt=none [36m302[0m 618.107 ms - 46[0m
[0mGET / [32m200[0m 81.413 ms - 12750[0m
[0mGET /users/profile/6073d847b49d285774ae0d79 [36m304[0m 34.785 ms - -[0m
[0mGET /users/profile/6092d6270f563e3d249a892a [36m304[0m 25.791 ms - -[0m
[0mGET /users/sign-out [36m302[0m 17.271 ms - 46[0m
[0mGET / [32m200[0m 76.886 ms - 8415[0m
::1 - - [12/Jun/2021:08:48:52 +0000] "GET / HTTP/1.1" 200 3858 "http://localhost:8000/" "Mozilla/5.0 (Windows NT 10.0; Win64; x64) AppleWebKit/537.36 (KHTML, like Gecko) Chrome/91.0.4472.101 Safari/537.36"
::1 - - [12/Jun/2021:08:48:54 +0000] "GET / HTTP/1.1" 304 - "http://localhost:8000/" "Mozilla/5.0 (Windows NT 10.0; Win64; x64) AppleWebKit/537.36 (KHTML, like Gecko) Chrome/91.0.4472.101 Safari/537.36"
::1 - - [12/Jun/2021:08:48:56 +0000] "GET /users/sign-in HTTP/1.1" 200 1860 "http://localhost:8000/" "Mozilla/5.0 (Windows NT 10.0; Win64; x64) AppleWebKit/537.36 (KHTML, like Gecko) Chrome/91.0.4472.101 Safari/537.36"
::1 - - [12/Jun/2021:08:49:12 +0000] "POST /users/create-session HTTP/1.1" 302 72 "http://localhost:8000/users/sign-in" "Mozilla/5.0 (Windows NT 10.0; Win64; x64) AppleWebKit/537.36 (KHTML, like Gecko) Chrome/91.0.4472.101 Safari/537.36"
::1 - - [12/Jun/2021:08:49:12 +0000] "GET /users/sign-in HTTP/1.1" 200 2135 "http://localhost:8000/users/sign-in" "Mozilla/5.0 (Windows NT 10.0; Win64; x64) AppleWebKit/537.36 (KHTML, like Gecko) Chrome/91.0.4472.101 Safari/537.36"
::1 - - [12/Jun/2021:08:49:19 +0000] "POST /users/create-session HTTP/1.1" 302 46 "http://localhost:8000/users/sign-in" "Mozilla/5.0 (Windows NT 10.0; Win64; x64) AppleWebKit/537.36 (KHTML, like Gecko) Chrome/91.0.4472.101 Safari/537.36"
::1 - - [12/Jun/2021:08:49:19 +0000] "GET / HTTP/1.1" 200 6191 "http://localhost:8000/users/sign-in" "Mozilla/5.0 (Windows NT 10.0; Win64; x64) AppleWebKit/537.36 (KHTML, like Gecko) Chrome/91.0.4472.101 Safari/537.36"
::1 - - [12/Jun/2021:08:49:22 +0000] "GET /users/profile/60bff97280ff82516c36d9e3 HTTP/1.1" 304 - "http://localhost:8000/" "Mozilla/5.0 (Windows NT 10.0; Win64; x64) AppleWebKit/537.36 (KHTML, like Gecko) Chrome/91.0.4472.101 Safari/537.36"
::1 - - [12/Jun/2021:08:49:30 +0000] "POST /comments/create HTTP/1.1" 200 331 "http://localhost:8000/" "Mozilla/5.0 (Windows NT 10.0; Win64; x64) AppleWebKit/537.36 (KHTML, like Gecko) Chrome/91.0.4472.101 Safari/537.36"
::1 - - [12/Jun/2021:08:49:32 +0000] "GET /comments/destroy/60bff9a680ff82516c36d9e5 HTTP/1.1" 200 78 "http://localhost:8000/" "Mozilla/5.0 (Windows NT 10.0; Win64; x64) AppleWebKit/537.36 (KHTML, like Gecko) Chrome/91.0.4472.101 Safari/537.36"
::1 - - [12/Jun/2021:08:49:36 +0000] "POST /likes/toggle/?id=60c47519f361b10c1c87d920&type=Comment HTTP/1.1" 200 58 "http://localhost:8000/" "Mozilla/5.0 (Windows NT 10.0; Win64; x64) AppleWebKit/537.36 (KHTML, like Gecko) Chrome/91.0.4472.101 Safari/537.36"
::1 - - [12/Jun/2021:08:49:39 +0000] "POST /comments/create HTTP/1.1" 200 334 "http://localhost:8000/" "Mozilla/5.0 (Windows NT 10.0; Win64; x64) AppleWebKit/537.36 (KHTML, like Gecko) Chrome/91.0.4472.101 Safari/537.36"
::1 - - [12/Jun/2021:08:49:41 +0000] "GET / HTTP/1.1" 200 6717 "http://localhost:8000/users/sign-in" "Mozilla/5.0 (Windows NT 10.0; Win64; x64) AppleWebKit/537.36 (KHTML, like Gecko) Chrome/91.0.4472.101 Safari/537.36"
::1 - - [12/Jun/2021:08:49:44 +0000] "GET /comments/destroy/60c47522f361b10c1c87d923 HTTP/1.1" 200 78 "http://localhost:8000/" "Mozilla/5.0 (Windows NT 10.0; Win64; x64) AppleWebKit/537.36 (KHTML, like Gecko) Chrome/91.0.4472.101 Safari/537.36"
::1 - - [12/Jun/2021:08:49:48 +0000] "GET / HTTP/1.1" 200 5917 "http://localhost:8000/users/sign-in" "Mozilla/5.0 (Windows NT 10.0; Win64; x64) AppleWebKit/537.36 (KHTML, like Gecko) Chrome/91.0.4472.101 Safari/537.36"
::1 - - [12/Jun/2021:08:49:52 +0000] "GET /users/sign-out HTTP/1.1" 302 46 "http://localhost:8000/" "Mozilla/5.0 (Windows NT 10.0; Win64; x64) AppleWebKit/537.36 (KHTML, like Gecko) Chrome/91.0.4472.101 Safari/537.36"
::1 - - [12/Jun/2021:08:49:52 +0000] "GET / HTTP/1.1" 200 4129 "http://localhost:8000/" "Mozilla/5.0 (Windows NT 10.0; Win64; x64) AppleWebKit/537.36 (KHTML, like Gecko) Chrome/91.0.4472.101 Safari/537.36"
[0mGET / [0m-[0m - ms - -[0m
[0mGET / [32m200[0m 80.724 ms - 2490[0m
[0mGET /favicon.ico [33m404[0m 33.048 ms - 150[0m
[0mGET / [32m200[0m 33.614 ms - 2490[0m
[0mGET /favicon.ico [33m404[0m 7.784 ms - 150[0m
[0mGET /users/sign-in [32m200[0m 11.718 ms - 1827[0m
[0mGET /users/sign-up [32m200[0m 57.925 ms - 1983[0m
[0mPOST /users/create [36m302[0m 46.434 ms - 72[0m
[0mGET /users/sign-in [32m200[0m 9.328 ms - 2095[0m
[0mPOST /users/create-session [36m302[0m 15.403 ms - 46[0m
[0mGET / [32m200[0m 27.959 ms - 3845[0m
[0mPOST /posts/create [32m200[0m 53.554 ms - 273[0m
[0mGET / [32m200[0m 118.374 ms - 4963[0m
[0mGET / [36m304[0m 36.893 ms - -[0m
[0mPOST /likes/toggle/?id=639973e95db7be28d412979a&type=Post [32m200[0m 61.126 ms - 58[0m
[0mPOST /likes/toggle/?id=639973e95db7be28d412979a&type=Post [32m200[0m 23.334 ms - 57[0m
[0mPOST /likes/toggle/?id=639973e95db7be28d412979a&type=Post [32m200[0m 20.269 ms - 58[0m
[0mPOST /likes/toggle/?id=639973e95db7be28d412979a&type=Post [32m200[0m 24.119 ms - 57[0m
[0mPOST /likes/toggle/?id=639973e95db7be28d412979a&type=Post [32m200[0m 19.833 ms - 58[0m
[0mPOST /posts/create [32m200[0m 21.157 ms - 271[0m
[0mGET /users/sign-out [36m302[0m 13.816 ms - 46[0m
[0mGET / [32m200[0m 25.093 ms - 4210[0m
[0mGET / [32m200[0m 25.942 ms - 4209[0m
[0mGET / [32m200[0m 31.372 ms - 4372[0m
[0mGET / [32m200[0m 26.942 ms - 4372[0m
[0mGET / [36m304[0m 23.705 ms - -[0m
[0mGET / [32m200[0m 18.715 ms - 4373[0m
[0mGET / [36m304[0m 17.928 ms - -[0m
[0mGET / [32m200[0m 21.616 ms - 4372[0m
[0mGET / [32m200[0m 18.776 ms - 4347[0m
[0mGET / [36m304[0m 19.624 ms - -[0m
[0mGET / [36m304[0m 18.322 ms - -[0m
[0mGET / [36m304[0m 23.239 ms - -[0m
[0mGET / [36m304[0m 17.588 ms - -[0m
[0mGET / [32m200[0m 20.245 ms - 4579[0m
[0mGET / [32m200[0m 22.730 ms - 4603[0m
[0mGET / [32m200[0m 20.299 ms - 4611[0m
[0mGET / [32m200[0m 20.613 ms - 4613[0m
[0mGET / [32m200[0m 19.165 ms - 4605[0m
[0mGET / [32m200[0m 19.751 ms - 4610[0m
[0mGET / [32m200[0m 17.666 ms - 4614[0m
[0mGET / [32m200[0m 19.831 ms - 4610[0m
[0mGET / [32m200[0m 20.699 ms - 4624[0m
[0mGET / [32m200[0m 21.960 ms - 4653[0m
[0mGET / [36m304[0m 22.427 ms - -[0m
[0mGET / [32m200[0m 21.710 ms - 4660[0m
[0mGET / [32m200[0m 18.354 ms - 4660[0m
[0mGET / [36m304[0m 18.797 ms - -[0m
[0mGET / [32m200[0m 17.369 ms - 4658[0m
[0mGET / [32m200[0m 20.927 ms - 4718[0m
[0mGET / [32m200[0m 18.504 ms - 6559[0m
[0mGET / [32m200[0m 36.606 ms - 5618[0m
[0mGET /users/sign-in [32m200[0m 10.930 ms - 2727[0m
[0mGET / [32m200[0m 19.557 ms - 5639[0m
[0mGET / [32m200[0m 20.400 ms - 5620[0m
[0mGET / [36m304[0m 18.965 ms - -[0m
[0mGET / [32m200[0m 15.798 ms - 5634[0m
[0mGET / [32m200[0m 18.911 ms - 5676[0m
[0mGET /users/sign-in [32m200[0m 6.587 ms - 2785[0m
[0mPOST /users/create-session [36m302[0m 6.929 ms - 46[0m
[0mGET / [32m200[0m 19.261 ms - 8695[0m
[0mGET / [32m200[0m 18.673 ms - 8819[0m
[0mGET / [32m200[0m 19.215 ms - 5676[0m
[0mGET / [36m304[0m 18.533 ms - -[0m
[0mGET / [36m304[0m 20.701 ms - -[0m
[0mGET / [36m304[0m 17.922 ms - -[0m
[0mGET / [36m304[0m 17.022 ms - -[0m
[0mGET / [36m304[0m 17.459 ms - -[0m
[0mGET / [36m304[0m 16.163 ms - -[0m
[0mGET / [36m304[0m 19.275 ms - -[0m
[0mGET / [36m304[0m 19.574 ms - -[0m
[0mGET / [36m304[0m 15.284 ms - -[0m
[0mGET / [36m304[0m 16.614 ms - -[0m
[0mGET / [36m304[0m 17.211 ms - -[0m
[0mGET / [36m304[0m 17.861 ms - -[0m
[0mGET / [36m304[0m 17.148 ms - -[0m
[0mGET / [36m304[0m 15.452 ms - -[0m
[0mGET /users/sign-in [36m304[0m 6.846 ms - -[0m
[0mPOST /users/create-session [36m302[0m 5.809 ms - 46[0m
[0mGET / [32m200[0m 18.291 ms - 9092[0m
[0mGET / [32m200[0m 19.715 ms - 8829[0m
[0mPOST /posts/create [32m200[0m 12.305 ms - 262[0m
[0mPOST /posts/create [32m200[0m 7.820 ms - 262[0m
[0mPOST /likes/toggle/?id=639973e95db7be28d412979a&type=Post [32m200[0m 11.938 ms - 57[0m
[0mGET / [32m200[0m 21.165 ms - 11833[0m
[0mPOST /comments/create [36m302[0m 28.901 ms - 88[0m
[0mGET / [32m200[0m 23.124 ms - 12895[0m
[0mGET / [32m200[0m 25.703 ms - 12640[0m
[0mGET / [32m200[0m 27.086 ms - 12640[0m
[0mGET / [32m200[0m 26.234 ms - 12721[0m
[0mGET / [32m200[0m 24.731 ms - 12706[0m
[0mGET / [32m200[0m 27.947 ms - 12704[0m
[0mGET / [32m200[0m 24.526 ms - 13293[0m
[0mGET / [32m200[0m 27.598 ms - 13419[0m
[0mGET / [32m200[0m 24.548 ms - 13471[0m
[0mGET / [36m304[0m 25.314 ms - -[0m
[0mGET / [32m200[0m 23.230 ms - 13440[0m
[0mGET / [32m200[0m 31.599 ms - 13471[0m
[0mGET / [32m200[0m 26.557 ms - 13452[0m
[0mGET / [32m200[0m 27.144 ms - 13529[0m
[0mGET / [32m200[0m 25.525 ms - 13594[0m
[0mGET / [36m304[0m 29.712 ms - -[0m
[0mGET / [36m304[0m 21.499 ms - -[0m
[0mGET / [36m304[0m 22.322 ms - -[0m
[0mGET / [36m304[0m 25.017 ms - -[0m
[0mGET / [36m304[0m 29.096 ms - -[0m
[0mGET / [36m304[0m 20.520 ms - -[0m
[0mGET / [32m200[0m 24.164 ms - 13618[0m
[0mGET / [32m200[0m 26.009 ms - 14070[0m
[0mGET / [32m200[0m 24.475 ms - 14111[0m
[0mGET / [32m200[0m 22.835 ms - 14080[0m
[0mGET / [36m304[0m 23.177 ms - -[0m
[0mGET / [36m304[0m 26.518 ms - -[0m
[0mGET / [36m304[0m 26.948 ms - -[0m
[0mGET / [36m304[0m 21.700 ms - -[0m
[0mGET / [32m200[0m 29.937 ms - 14098[0m
[0mGET /posts/destroy/6399de6deec35221c4c064cd [36m302[0m 17.071 ms - 88[0m
[0mGET / [32m200[0m 21.022 ms - 12009[0m
[0mGET / [32m200[0m 22.090 ms - 11761[0m
[0mGET / [32m200[0m 21.925 ms - 14410[0m
[0mGET / [32m200[0m 21.369 ms - 16432[0m
[0mGET /posts/destroy/6399de61eec35221c4c064c9 [36m302[0m 17.893 ms - 88[0m
[0mGET / [32m200[0m 16.289 ms - 13582[0m
[0mGET / [32m200[0m 19.631 ms - 13283[0m
[0mGET / [32m200[0m 33.401 ms - 13287[0m
[0mGET / [32m200[0m 22.643 ms - 13457[0m
[0mGET / [32m200[0m 19.578 ms - 13501[0m
[0mPOST /posts/create [32m200[0m 9.557 ms - 265[0m
[0mGET / [32m200[0m 22.650 ms - 16747[0m
[0mGET / [32m200[0m 23.468 ms - 16801[0m
[0mGET / [32m200[0m 22.177 ms - 16743[0m
[0mGET /users/sign-out [36m302[0m 5.267 ms - 46[0m
[0mGET / [32m200[0m 15.456 ms - 12222[0m
[0mGET /users/sign-in [36m304[0m 6.505 ms - -[0m
[0mPOST /users/create-session [36m302[0m 4.673 ms - 46[0m
[0mGET / [32m200[0m 17.188 ms - 17016[0m
[0mGET / [32m200[0m 30.256 ms - 16729[0m
[0mGET / [32m200[0m 30.721 ms - 16746[0m
[0mGET / [32m200[0m 27.702 ms - 16745[0m
[0mGET / [36m304[0m 26.668 ms - -[0m
[0mGET / [32m200[0m 28.354 ms - 16744[0m
[0mGET / [32m200[0m 21.921 ms - 16765[0m
[0mGET / [36m304[0m 21.368 ms - -[0m
[0mGET / [36m304[0m 20.180 ms - -[0m
[0mPOST /likes/toggle/?id=6399f723eec35221c4c065c7&type=Post [32m200[0m 13.884 ms - 58[0m
[0mPOST /likes/toggle/?id=6399f723eec35221c4c065c7&type=Post [32m200[0m 16.170 ms - 57[0m
[0mPOST /likes/toggle/?id=6399f723eec35221c4c065c7&type=Post [32m200[0m 8.960 ms - 58[0m
[0mPOST /likes/toggle/?id=6399f723eec35221c4c065c7&type=Post [32m200[0m 14.194 ms - 57[0m
[0mGET / [32m200[0m 21.743 ms - 16825[0m
[0mGET / [32m200[0m 21.622 ms - 16840[0m
[0mGET / [32m200[0m 230.742 ms - 12046[0m
[0mGET /favicon.ico [33m404[0m 17.849 ms - 150[0m
[0mGET /posts/destroy/6399750feec35221c4c063e2 [36m302[0m 15.103 ms - 72[0m
[0mGET /users/sign-in [36m304[0m 16.494 ms - -[0m
[0mGET /users/sign-in [36m304[0m 16.692 ms - -[0m
[0mPOST /users/create-session [36m302[0m 34.157 ms - 46[0m
[0mGET / [32m200[0m 58.234 ms - 17113[0m
